Setting breakpad minidump AppID = 307090
Steam_SetMinidumpSteamID:  Caching Steam ID:  76561198090295145 [API loaded no]
ZE=8
GLX_ALPHA_SIZE=8
GLX_DEPTH_SIZE=24
GLX_STENCIL_SIZE=8
GLX_SAMPLES_ARB=0
GLX_SAMPLE_BUFFERS_ARB=0
GLX_STEREO=0
GLX_CONFIG_CAVEAT=NONE

Desktop is 1920 x 1080 @ 60 Hz
Initialize engine version: 5.3.5f1 (960ebf59018a)
GfxDevice: creating device client; threaded=1
GLX Extensions: GLX_EXT_visual_info GLX_EXT_visual_rating GLX_EXT_import_context GLX_SGIX_fbconfig GLX_SGIX_pbuffer GLX_SGI_video_sync GLX_SGI_swap_control GLX_EXT_swap_control GLX_EXT_swap_control_tear GLX_EXT_texture_from_pixmap GLX_EXT_buffer_age GLX_ARB_create_context GLX_ARB_create_context_profile GLX_EXT_create_context_es_profile GLX_EXT_create_context_es2_profile GLX_ARB_create_context_no_error GLX_ARB_create_context_robustness GLX_NV_delay_before_swap GLX_EXT_stereo_tree GLX_ARB_context_flush_control GLX_NV_robustness_video_memory_purge GLX_NV_multigpu_context GLX_ARB_multisample GLX_NV_float_buffer GLX_ARB_fbconfig_float GLX_EXT_framebuffer_sRGB GLX_NV_copy_image GLX_ARB_get_proc_address 
Setting maxVSyncInterval to 4
Renderer: GeForce GTX 750 Ti/PCIe/SSE2
Vendor:   NVIDIA Corporation
Version:  4.5.0 NVIDIA 440.44
GLES:     0
 GL_AMD_multi_draw_indirect GL_AMD_seamless_cubemap_per_texture GL_ARB_arrays_of_arrays GL_ARB_base_instance GL_ARB_bindless_texture GL_ARB_blend_func_extended GL_ARB_buffer_storage GL_ARB_clear_buffer_object GL_ARB_clear_texture GL_ARB_clip_control GL_ARB_color_buffer_float GL_ARB_compressed_texture_pixel_storage GL_ARB_conservative_depth GL_ARB_compute_shader GL_ARB_compute_variable_group_size GL_ARB_conditional_render_inverted GL_ARB_copy_buffer GL_ARB_copy_image GL_ARB_cull_distance GL_ARB_debug_output GL_ARB_depth_buffer_float GL_ARB_depth_clamp GL_ARB_depth_texture GL_ARB_derivative_control GL_ARB_direct_state_access GL_ARB_draw_buffers GL_ARB_draw_buffers_blend GL_ARB_draw_indirect GL_ARB_draw_elements_base_vertex GL_ARB_draw_instanced GL_ARB_enhanced_layouts GL_ARB_ES2_compatibility GL_ARB_ES3_compatibility GL_ARB_ES3_1_compatibility GL_ARB_ES3_2_compatibility GL_ARB_explicit_attrib_location GL_ARB_explicit_uniform_location GL_ARB_fragment_coord_conventions GL_ARB_fragment_layer_viewport GL_ARB_fragm
ent_program GL_ARB_fragment_program_shadow GL_ARB_fragment_shader GL_ARB_framebuffer_no_attachments GL_ARB_framebuffer_object GL_ARB_framebuffer_sRGB GL_ARB_geometry_shader4 GL_ARB_get_program_binary GL_ARB_get_texture_sub_image GL_ARB_gl_spirv GL_ARB_gpu_shader5 GL_ARB_gpu_shader_fp64 GL_ARB_gpu_shader_int64 GL_ARB_half_float_pixel GL_ARB_half_float_vertex GL_ARB_imaging GL_ARB_indirect_parameters GL_ARB_instanced_arrays GL_ARB_internalformat_query GL_ARB_internalformat_query2 GL_ARB_invalidate_subdata GL_ARB_map_buffer_alignment GL_ARB_map_buffer_range GL_ARB_multi_bind GL_ARB_multi_draw_indirect GL_ARB_multisample GL_ARB_multitexture GL_ARB_occlusion_query GL_ARB_occlusion_query2 GL_ARB_parallel_shader_compile GL_ARB_pipeline_statistics_query GL_ARB_pixel_buffer_object GL_ARB_point_parameters GL_ARB_point_sprite GL_ARB_polygon_offset_clamp GL_ARB_program_interface_query GL_ARB_provoking_vertex GL_ARB_query_buffer_object GL_ARB_robust_buffer_access_behavior GL_ARB_robustness GL_ARB_sample_shading GL_ARB_sa
mpler_objects GL_ARB_seamless_cube_map GL_ARB_seamless_cubemap_per_texture GL_ARB_separate_shader_objects GL_ARB_shader_atomic_counter_ops GL_ARB_shader_atomic_counters GL_ARB_shader_ballot GL_ARB_shader_bit_encoding GL_ARB_shader_clock GL_ARB_shader_draw_parameters GL_ARB_shader_group_vote GL_ARB_shader_image_load_store GL_ARB_shader_image_size GL_ARB_shader_objects GL_ARB_shader_precision GL_ARB_shader_storage_buffer_object GL_ARB_shader_subroutine GL_ARB_shader_texture_image_samples GL_ARB_shader_texture_lod GL_ARB_shading_language_100 GL_ARB_shading_language_420pack GL_ARB_shading_language_include GL_ARB_shading_language_packing GL_ARB_shadow GL_ARB_sparse_buffer GL_ARB_sparse_texture GL_ARB_spirv_extensions GL_ARB_stencil_texturing GL_ARB_sync GL_ARB_tessellation_shader GL_ARB_texture_barrier GL_ARB_texture_border_clamp GL_ARB_texture_buffer_object GL_ARB_texture_buffer_object_rgb32 GL_ARB_texture_buffer_range GL_ARB_texture_compression GL_ARB_texture_compression_bptc GL_ARB_texture_compression_rgtc GL_
ARB_texture_cube_map GL_ARB_texture_cube_map_array GL_ARB_texture_env_add GL_ARB_texture_env_combine GL_ARB_texture_env_crossbar GL_ARB_texture_env_dot3 GL_ARB_texture_filter_anisotropic GL_ARB_texture_float GL_ARB_texture_gather GL_ARB_texture_mirror_clamp_to_edge GL_ARB_texture_mirrored_repeat GL_ARB_texture_multisample GL_ARB_texture_non_power_of_two GL_ARB_texture_query_levels GL_ARB_texture_query_lod GL_ARB_texture_rectangle GL_ARB_texture_rg GL_ARB_texture_rgb10_a2ui GL_ARB_texture_stencil8 GL_ARB_texture_storage GL_ARB_texture_storage_multisample GL_ARB_texture_swizzle GL_ARB_texture_view GL_ARB_timer_query GL_ARB_transform_feedback2 GL_ARB_transform_feedback3 GL_ARB_transform_feedback_instanced GL_ARB_transform_feedback_overflow_query GL_ARB_transpose_matrix GL_ARB_uniform_buffer_object GL_ARB_vertex_array_bgra GL_ARB_vertex_array_object GL_ARB_vertex_attrib_64bit GL_ARB_vertex_attrib_binding GL_ARB_vertex_buffer_object GL_ARB_vertex_program GL_ARB_vertex_shader GL_ARB_vertex_type_10f_11f_11f_rev GL_
ARB_vertex_type_2_10_10_10_rev GL_ARB_viewport_array GL_ARB_window_pos GL_ATI_draw_buffers GL_ATI_texture_float GL_ATI_texture_mirror_once GL_S3_s3tc GL_EXT_texture_env_add GL_EXT_abgr GL_EXT_bgra GL_EXT_bindable_uniform GL_EXT_blend_color GL_EXT_blend_equation_separate GL_EXT_blend_func_separate GL_EXT_blend_minmax GL_EXT_blend_subtract GL_EXT_compiled_vertex_array GL_EXT_Cg_shader GL_EXT_depth_bounds_test GL_EXT_direct_state_access GL_EXT_draw_buffers2 GL_EXT_draw_instanced GL_EXT_draw_range_elements GL_EXT_fog_coord GL_EXT_framebuffer_blit GL_EXT_framebuffer_multisample GL_EXTX_framebuffer_mixed_formats GL_EXT_framebuffer_multisample_blit_scaled GL_EXT_framebuffer_object GL_EXT_framebuffer_sRGB GL_EXT_geometry_shader4 GL_EXT_gpu_program_parameters GL_EXT_gpu_shader4 GL_EXT_multi_draw_arrays GL_EXT_multiview_texture_multisample GL_EXT_multiview_timer_query GL_EXT_packed_depth_stencil GL_EXT_packed_float GL_EXT_packed_pixels GL_EXT_pixel_buffer_object GL_EXT_point_parameters GL_EXT_polygon_offset_clamp GL_E
XT_provoking_vertex GL_EXT_rescale_normal GL_EXT_secondary_color GL_EXT_separate_shader_objects GL_EXT_separate_specular_color GL_EXT_shader_image_load_formatted GL_EXT_shader_image_load_store GL_EXT_shader_integer_mix GL_EXT_shadow_funcs GL_EXT_stencil_two_side GL_EXT_stencil_wrap GL_EXT_texture3D GL_EXT_texture_array GL_EXT_texture_buffer_object GL_EXT_texture_compression_dxt1 GL_EXT_texture_compression_latc GL_EXT_texture_compression_rgtc GL_EXT_texture_compression_s3tc GL_EXT_texture_cube_map GL_EXT_texture_edge_clamp GL_EXT_texture_env_combine GL_EXT_texture_env_dot3 GL_EXT_texture_filter_anisotropic GL_EXT_texture_integer GL_EXT_texture_lod GL_EXT_texture_lod_bias GL_EXT_texture_mirror_clamp GL_EXT_texture_object GL_EXT_texture_shadow_lod GL_EXT_texture_shared_exponent GL_EXT_texture_sRGB GL_EXT_texture_sRGB_R8 GL_EXT_texture_sRGB_decode GL_EXT_texture_storage GL_EXT_texture_swizzle GL_EXT_timer_query GL_EXT_transform_feedback2 GL_EXT_vertex_array GL_EXT_vertex_array_bgra GL_EXT_vertex_attrib_64bit GL_
EXT_window_rectangles GL_EXT_x11_sync_object GL_EXT_import_sync_object GL_NV_robustness_video_memory_purge GL_IBM_rasterpos_clip GL_IBM_texture_mirrored_repeat GL_KHR_context_flush_control GL_KHR_debug GL_EXT_memory_object GL_EXT_memory_object_fd GL_KHR_parallel_shader_compile GL_KHR_no_error GL_KHR_robust_buffer_access_behavior GL_KHR_robustness GL_EXT_semaphore GL_EXT_semaphore_fd GL_KHR_shader_subgroup GL_KTX_buffer_region GL_NV_alpha_to_coverage_dither_control GL_NV_bindless_multi_draw_indirect GL_NV_bindless_multi_draw_indirect_count GL_NV_bindless_texture GL_NV_blend_equation_advanced GL_NV_blend_equation_advanced_coherent GL_NV_blend_minmax_factor GL_NV_blend_square GL_NV_command_list GL_NV_compute_program5 GL_NV_conditional_render GL_NV_copy_depth_to_color GL_NV_copy_image GL_NV_depth_buffer_float GL_NV_depth_clamp GL_NV_draw_texture GL_NV_draw_vulkan_image GL_NV_ES1_1_compatibility GL_NV_ES3_1_compatibility GL_NV_explicit_multisample GL_NV_feature_query GL_NV_fence GL_NV_float_buffer GL_NV_fog_dista
nce GL_NV_fragment_program GL_NV_fragment_program_option GL_NV_fragment_program2 GL_NV_framebuffer_multisample_coverage GL_NV_geometry_shader4 GL_NV_gpu_program4 GL_NV_internalformat_sample_query GL_NV_gpu_program4_1 GL_NV_gpu_program5 GL_NV_gpu_program5_mem_extended GL_NV_gpu_program_fp64 GL_NV_gpu_shader5 GL_NV_half_float GL_NV_light_max_exponent GL_NV_multisample_coverage GL_NV_multisample_filter_hint GL_NV_occlusion_query GL_NV_packed_depth_stencil GL_NV_parameter_buffer_object GL_NV_parameter_buffer_object2 GL_NV_path_rendering GL_NV_pixel_data_range GL_NV_point_sprite GL_NV_primitive_restart GL_NV_query_resource GL_NV_query_resource_tag GL_NV_register_combiners GL_NV_register_combiners2 GL_NV_shader_atomic_counters GL_NV_shader_atomic_float GL_NV_shader_atomic_int64 GL_NV_shader_buffer_load GL_NV_shader_storage_buffer_object GL_NV_shader_subgroup_partitioned GL_NV_texgen_reflection GL_NV_texture_barrier GL_NV_texture_compression_vtc GL_NV_texture_env_combine4 GL_NV_texture_multisample GL_NV_texture_rec
tangle GL_NV_texture_rectangle_compressed GL_NV_texture_shader GL_NV_texture_shader2 GL_NV_texture_shader3 GL_NV_transform_feedback GL_NV_transform_feedback2 GL_NV_uniform_buffer_unified_memory GL_NV_vdpau_interop GL_NV_vdpau_interop2 GL_NV_vertex_array_range GL_NV_vertex_array_range2 GL_NV_vertex_attrib_integer_64bit GL_NV_vertex_buffer_unified_memory GL_NV_vertex_program GL_NV_vertex_program1_1 GL_NV_vertex_program2 GL_NV_vertex_program2_option GL_NV_vertex_program3 GL_NVX_conditional_render GL_NV_gpu_multicast GL_NVX_progress_fence GL_NVX_gpu_memory_info GL_NVX_nvenc_interop GL_NV_shader_thread_group GL_NV_shader_thread_shuffle GL_KHR_blend_equation_advanced GL_KHR_blend_equation_advanced_coherent GL_OVR_multiview GL_OVR_multiview2 GL_SGIS_generate_mipmap GL_SGIS_texture_lod GL_SGIX_depth_texture GL_SGIX_shadow GL_SUN_slice_accum
OPENGL LOG: Creating OpenGL 4.5 graphics device
AudioManager: Using PulseAudio: Default Output Device
Begin MonoManager ReloadAssembly
Platform assembly: /mnt/500GB_2/STEAM_LIBRARY/steamapps/common/FancySkulls/fancy_skulls_Data/Managed/UnityEngine.dll (this message is harmless)
Loading /mnt/500GB_2/STEAM_LIBRARY/steamapps/common/FancySkulls/fancy_skulls_Data/Managed/UnityEngine.dll into Unity Child Domain
Platform assembly: /mnt/500GB_2/STEAM_LIBRARY/steamapps/common/FancySkulls/fancy_skulls_Data/Managed/Assembly-CSharp-firstpass.dll (this message is harmless)
Loading /mnt/500GB_2/STEAM_LIBRARY/steamapps/common/FancySkulls/fancy_skulls_Data/Managed/Assembly-CSharp-firstpass.dll into Unity Child Domain
Platform assembly: /mnt/500GB_2/STEAM_LIBRARY/steamapps/common/FancySkulls/fancy_skulls_Data/Managed/Assembly-CSharp.dll (this message is harmless)
Loading /mnt/500GB_2/STEAM_LIBRARY/steamapps/common/FancySkulls/fancy_skulls_Data/Managed/Assembly-CSharp.dll into Unity Child Domain
Platform assembly: /mnt/500GB_2/STEAM_LIBRARY/steamapps/common/FancySkulls/fancy_skulls_Data/Managed/Assembly-UnityScript.dll (this message is harmless)
Loading /mnt/500GB_2/STEAM_LIBRARY/steamapps/common/FancySkulls/fancy_skulls_Data/Managed/Assembly-UnityScript.dll into Unity Child Domain
Platform assembly: /mnt/500GB_2/STEAM_LIBRARY/steamapps/common/FancySkulls/fancy_skulls_Data/Managed/UnityEngine.UI.dll (this message is harmless)
Loading /mnt/500GB_2/STEAM_LIBRARY/steamapps/common/FancySkulls/fancy_skulls_Data/Managed/UnityEngine.UI.dll into Unity Child Domain
Platform assembly: /mnt/500GB_2/STEAM_LIBRARY/steamapps/common/FancySkulls/fancy_skulls_Data/Managed/UnityEngine.Networking.dll (this message is harmless)
Loading /mnt/500GB_2/STEAM_LIBRARY/steamapps/common/FancySkulls/fancy_skulls_Data/Managed/UnityEngine.Networking.dll into Unity Child Domain
Platform assembly: /mnt/500GB_2/STEAM_LIBRARY/steamapps/common/FancySkulls/fancy_skulls_Data/Managed/Pathfinding.ClipperLib.dll (this message is harmless)
Loading /mnt/500GB_2/STEAM_LIBRARY/steamapps/common/FancySkulls/fancy_skulls_Data/Managed/Pathfinding.ClipperLib.dll into Unity Child Domain
Platform assembly: /mnt/500GB_2/STEAM_LIBRARY/steamapps/common/FancySkulls/fancy_skulls_Data/Managed/Pathfinding.Ionic.Zip.Reduced.dll (this message is harmless)
Loading /mnt/500GB_2/STEAM_LIBRARY/steamapps/common/FancySkulls/fancy_skulls_Data/Managed/Pathfinding.Ionic.Zip.Reduced.dll into Unity Child Domain
Platform assembly: /mnt/500GB_2/STEAM_LIBRARY/steamapps/common/FancySkulls/fancy_skulls_Data/Managed/Pathfinding.JsonFx.dll (this message is harmless)
Loading /mnt/500GB_2/STEAM_LIBRARY/steamapps/common/FancySkulls/fancy_skulls_Data/Managed/Pathfinding.JsonFx.dll into Unity Child Domain
Platform assembly: /mnt/500GB_2/STEAM_LIBRARY/steamapps/common/FancySkulls/fancy_skulls_Data/Managed/Pathfinding.Poly2Tri.dll (this message is harmless)
Loading /mnt/500GB_2/STEAM_LIBRARY/steamapps/common/FancySkulls/fancy_skulls_Data/Managed/Pathfinding.Poly2Tri.dll into Unity Child Domain
Platform assembly: /mnt/500GB_2/STEAM_LIBRARY/steamapps/common/FancySkulls/fancy_skulls_Data/Managed/DOTween.dll (this message is harmless)
Loading /mnt/500GB_2/STEAM_LIBRARY/steamapps/common/FancySkulls/fancy_skulls_Data/Managed/DOTween.dll into Unity Child Domain
Platform assembly: /mnt/500GB_2/STEAM_LIBRARY/steamapps/common/FancySkulls/fancy_skulls_Data/Managed/P2T.dll (this message is harmless)
Loading /mnt/500GB_2/STEAM_LIBRARY/steamapps/common/FancySkulls/fancy_skulls_Data/Managed/P2T.dll into Unity Child Domain
Platform assembly: /mnt/500GB_2/STEAM_LIBRARY/steamapps/common/FancySkulls/fancy_skulls_Data/Managed/Poly2Tri.dll (this message is harmless)
Loading /mnt/500GB_2/STEAM_LIBRARY/steamapps/common/FancySkulls/fancy_skulls_Data/Managed/Poly2Tri.dll into Unity Child Domain
Platform assembly: /mnt/500GB_2/STEAM_LIBRARY/steamapps/common/FancySkulls/fancy_skulls_Data/Managed/HOTween.dll (this message is harmless)
Loading /mnt/500GB_2/STEAM_LIBRARY/steamapps/common/FancySkulls/fancy_skulls_Data/Managed/HOTween.dll into Unity Child Domain
Platform assembly: /mnt/500GB_2/STEAM_LIBRARY/steamapps/common/FancySkulls/fancy_skulls_Data/Managed/DecalSystem.Runtime.dll (this message is harmless)
Loading /mnt/500GB_2/STEAM_LIBRARY/steamapps/common/FancySkulls/fancy_skulls_Data/Managed/DecalSystem.Runtime.dll into Unity Child Domain
Platform assembly: /mnt/500GB_2/STEAM_LIBRARY/steamapps/common/FancySkulls/fancy_skulls_Data/Managed/PlayMaker.dll (this message is harmless)
Loading /mnt/500GB_2/STEAM_LIBRARY/steamapps/common/FancySkulls/fancy_skulls_Data/Managed/PlayMaker.dll into Unity Child Domain
Platform assembly: /mnt/500GB_2/STEAM_LIBRARY/steamapps/common/FancySkulls/fancy_skulls_Data/Managed/ProBuilderCore-Unity5.dll (this message is harmless)
Loading /mnt/500GB_2/STEAM_LIBRARY/steamapps/common/FancySkulls/fancy_skulls_Data/Managed/ProBuilderCore-Unity5.dll into Unity Child Domain
Platform assembly: /mnt/500GB_2/STEAM_LIBRARY/steamapps/common/FancySkulls/fancy_skulls_Data/Managed/ProBuilderMeshOps-Unity5.dll (this message is harmless)
Loading /mnt/500GB_2/STEAM_LIBRARY/steamapps/common/FancySkulls/fancy_skulls_Data/Managed/ProBuilderMeshOps-Unity5.dll into Unity Child Domain
Platform assembly: /mnt/500GB_2/STEAM_LIBRARY/steamapps/common/FancySkulls/fancy_skulls_Data/Managed/KDTree.dll (this message is harmless)
Loading /mnt/500GB_2/STEAM_LIBRARY/steamapps/common/FancySkulls/fancy_skulls_Data/Managed/KDTree.dll into Unity Child Domain
Platform assembly: /mnt/500GB_2/STEAM_LIBRARY/steamapps/common/FancySkulls/fancy_skulls_Data/Managed/Triangle.dll (this message is harmless)
Loading /mnt/500GB_2/STEAM_LIBRARY/steamapps/common/FancySkulls/fancy_skulls_Data/Managed/Triangle.dll into Unity Child Domain
- Completed reload, in  0.279 seconds
Platform assembly: /mnt/500GB_2/STEAM_LIBRARY/steamapps/common/FancySkulls/fancy_skulls_Data/Managed/System.Core.dll (this message is harmless)
Platform assembly: /mnt/500GB_2/STEAM_LIBRARY/steamapps/common/FancySkulls/fancy_skulls_Data/Managed/System.dll (this message is harmless)
Default vsync count 0
requesting resize 640 x 480

Selecting FBConfig
GLX_FBCONFIG_ID=231
GLX_BUFFER_SIZE=32
GLX_DOUBLEBUFFER=1
GLX_RED_SIZE=8
GLX_GREEN_SIZE=8
GLX_BLUE_SIZE=8
GLX_ALPHA_SIZE=8
GLX_DEPTH_SIZE=24
GLX_STENCIL_SIZE=8
GLX_SAMPLES_ARB=8
GLX_SAMPLE_BUFFERS_ARB=1
GLX_STEREO=0
GLX_CONFIG_CAVEAT=NONE

resizing window to 640 x 480
Desktop is 1920 x 1080 @ 60 Hz
Using libudev for joystick management


Importing game controller configs
The referenced script on this Behaviour (Game Object 'pb-Cube[Detail]-3591214') is missing!
 
(Filename:  Line: 1655)

The referenced script on this Behaviour (Game Object 'pb-Cube[Detail]-3591214') is missing!
 
(Filename:  Line: 1655)

The referenced script on this Behaviour (Game Object 'pb-Cube[Detail]-3591214') is missing!
 
(Filename:  Line: 1655)

The referenced script on this Behaviour (Game Object 'pb-Cube[Detail]-3591214') is missing!
 
(Filename:  Line: 1655)

The referenced script on this Behaviour (Game Object 'pb-Cube[Detail]-3591214') is missing!
 
(Filename:  Line: 1655)

The referenced script on this Behaviour (Game Object 'pb-Cube[Detail]-3591214') is missing!
 
(Filename:  Line: 1655)

The referenced script on this Behaviour (Game Object 'pb-Cube[Detail]-3591214') is missing!
 
(Filename:  Line: 1655)

The referenced script on this Behaviour (Game Object 'pb-Cube[Detail]-3591214') is missing!
 
(Filename:  Line: 1655)

The referenced script on this Behaviour (Game Object 'pb-Cube[Detail]-3591214') is missing!
 
(Filename:  Line: 1655)

The referenced script on this Behaviour (Game Object 'pb-Cube[Detail]-3591214') is missing!
 
(Filename:  Line: 1655)

The referenced script on this Behaviour (Game Object 'pb-Cube[Detail]-3591214') is missing!
 
(Filename:  Line: 1655)

The referenced script on this Behaviour (Game Object 'pb-Cube[Detail]-3591214') is missing!
 
(Filename:  Line: 1655)

The referenced script on this Behaviour (Game Object 'pb-Cube[Detail]-3591214') is missing!
 
(Filename:  Line: 1655)

The referenced script on this Behaviour (Game Object 'pb-Cube[Detail]-3591214') is missing!
 
(Filename:  Line: 1655)

The referenced script on this Behaviour (Game Object 'pb-Cube[Detail]-3591214') is missing!
 
(Filename:  Line: 1655)

The referenced script on this Behaviour (Game Object 'pb-Cube[Detail]-3591214') is missing!
 
(Filename:  Line: 1655)

The referenced script on this Behaviour (Game Object 'pb-Cube[Detail]-3591214') is missing!
 
(Filename:  Line: 1655)

The referenced script on this Behaviour (Game Object 'pb-Cube[Detail]-3591214') is missing!
 
(Filename:  Line: 1655)

The referenced script on this Behaviour (Game Object 'pb-Cube[Detail]-3591214') is missing!
 
(Filename:  Line: 1655)

The referenced script on this Behaviour (Game Object 'pb-Cube[Detail]-3591214') is missing!
 
(Filename:  Line: 1655)

The referenced script on this Behaviour (Game Object 'pb-Cube[Detail]-3591214') is missing!
 
(Filename:  Line: 1655)

The referenced script on this Behaviour (Game Object 'pb-Cube[Detail]-3591214') is missing!
 
(Filename:  Line: 1655)

The referenced script on this Behaviour (Game Object 'pb-Cube[Detail]-3591214') is missing!
 
(Filename:  Line: 1655)

The referenced script on this Behaviour (Game Object 'pb-Cube[Detail]-3591214') is missing!
 
(Filename:  Line: 1655)

The referenced script on this Behaviour (Game Object 'pb-Cube[Detail]-3591214') is missing!
 
(Filename:  Line: 1655)

The referenced script on this Behaviour (Game Object 'pb-Cube[Detail]-3591214') is missing!
 
(Filename:  Line: 1655)

The referenced script on this Behaviour (Game Object 'pb-Cube[Detail]-3591214') is missing!
 
(Filename:  Line: 1655)

The referenced script on this Behaviour (Game Object 'pb-Cube[Detail]-3591214') is missing!
 
(Filename:  Line: 1655)

The referenced script on this Behaviour (Game Object 'pb-Cube[Detail]-3591214') is missing!
 
(Filename:  Line: 1655)

The referenced script on this Behaviour (Game Object 'pb-Cube[Detail]-3591214') is missing!
 
(Filename:  Line: 1655)

The referenced script on this Behaviour (Game Object 'pb-Cube[Detail]-3591214') is missing!
 
(Filename:  Line: 1655)

The referenced script on this Behaviour (Game Object 'pb-Cube[Detail]-3591214') is missing!
 
(Filename:  Line: 1655)

The referenced script on this Behaviour (Game Object 'pb-Cube[Detail]-3591214') is missing!
 
(Filename:  Line: 1655)

The referenced script on this Behaviour (Game Object 'pb-Cube[Detail]-3591214') is missing!
 
(Filename:  Line: 1655)

The referenced script on this Behaviour (Game Object 'pb-Cube[Detail]-8306816') is missing!
 
(Filename:  Line: 1655)

The referenced script on this Behaviour (Game Object 'pb-Cube[Detail]-8306816') is missing!
 
(Filename:  Line: 1655)

The referenced script on this Behaviour (Game Object 'pb-Cube[Detail]-3591214') is missing!
 
(Filename:  Line: 1655)

The referenced script on this Behaviour (Game Object 'pb-Cube[Detail]-3591214') is missing!
 
(Filename:  Line: 1655)

The referenced script on this Behaviour (Game Object 'pb-Cube[Detail]-3591214') is missing!
 
(Filename:  Line: 1655)

The referenced script on this Behaviour (Game Object 'pb-Cube[Detail]-3591214') is missing!
 
(Filename:  Line: 1655)

The referenced script on this Behaviour (Game Object 'pb-Cube[Detail]-3591214') is missing!
 
(Filename:  Line: 1655)

The referenced script on this Behaviour (Game Object 'pb-Cube[Detail]-3591214') is missing!
 
(Filename:  Line: 1655)

The referenced script on this Behaviour (Game Object 'pb-Cube[Detail]-3591214') is missing!
 
(Filename:  Line: 1655)

The referenced script on this Behaviour (Game Object 'pb-Cube[Detail]-3591214') is missing!
 
(Filename:  Line: 1655)

The referenced script on this Behaviour (Game Object 'pb-Cube[Detail]-3591214') is missing!
 
(Filename:  Line: 1655)

The referenced script on this Behaviour (Game Object 'pb-Cube[Detail]-3591214') is missing!
 
(Filename:  Line: 1655)

The referenced script on this Behaviour (Game Object 'pb-Cube[Detail]-3591214') is missing!
 
(Filename:  Line: 1655)

The referenced script on this Behaviour (Game Object 'pb-Cube[Detail]-3591214') is missing!
 
(Filename:  Line: 1655)

The referenced script on this Behaviour (Game Object 'pb-Cube[Detail]-3591214') is missing!
 
(Filename:  Line: 1655)

The referenced script on this Behaviour (Game Object 'pb-Cube[Detail]-3591214') is missing!
 
(Filename:  Line: 1655)

The referenced script on this Behaviour (Game Object 'pb-Cube[Detail]-3591214') is missing!
 
(Filename:  Line: 1655)

The referenced script on this Behaviour (Game Object 'pb-Cube[Detail]-3591214') is missing!
 
(Filename:  Line: 1655)

The referenced script on this Behaviour (Game Object 'pb-Cube[Detail]-3591214') is missing!
 
(Filename:  Line: 1655)

The referenced script on this Behaviour (Game Object 'pb-Cube[Detail]-3591214') is missing!
 
(Filename:  Line: 1655)

The referenced script on this Behaviour (Game Object 'pb-Cube[Detail]-3591214') is missing!
 
(Filename:  Line: 1655)

The referenced script on this Behaviour (Game Object 'pb-Cube[Detail]-3591214') is missing!
 
(Filename:  Line: 1655)

The referenced script on this Behaviour (Game Object 'pb-Cube[Detail]-30567092_5') is missing!
 
(Filename:  Line: 1655)

The referenced script on this Behaviour (Game Object 'pb-Cube[Detail]-30567092_5') is missing!
 
(Filename:  Line: 1655)

The referenced script on this Behaviour (Game Object 'pb-Cube[Detail]-3591214') is missing!
 
(Filename:  Line: 1655)

The referenced script on this Behaviour (Game Object 'pb-Cube[Detail]-3591214') is missing!
 
(Filename:  Line: 1655)

The referenced script on this Behaviour (Game Object 'pb-Cube[Detail]-3591214') is missing!
 
(Filename:  Line: 1655)

The referenced script on this Behaviour (Game Object 'pb-Cube[Detail]-3591214') is missing!
 
(Filename:  Line: 1655)

The referenced script on this Behaviour (Game Object 'pb-Cube[Detail]-8306816') is missing!
 
(Filename:  Line: 1655)

The referenced script on this Behaviour (Game Object 'pb-Cube[Detail]-8306816') is missing!
 
(Filename:  Line: 1655)

The referenced script on this Behaviour (Game Object 'pb-Cube[Detail]-3591214') is missing!
 
(Filename:  Line: 1655)

The referenced script on this Behaviour (Game Object 'pb-Cube[Detail]-3591214') is missing!
 
(Filename:  Line: 1655)

The referenced script on this Behaviour (Game Object 'pb-Cube[Detail]-3591214') is missing!
 
(Filename:  Line: 1655)

The referenced script on this Behaviour (Game Object 'pb-Cube[Detail]-3591214') is missing!
 
(Filename:  Line: 1655)

The referenced script on this Behaviour (Game Object 'pb-Cube[Detail]-3591214') is missing!
 
(Filename:  Line: 1655)

The referenced script on this Behaviour (Game Object 'pb-Cube[Detail]-3591214') is missing!
 
(Filename:  Line: 1655)

The referenced script on this Behaviour (Game Object 'pb-Cube[Detail]-3591214') is missing!
 
(Filename:  Line: 1655)

The referenced script on this Behaviour (Game Object 'pb-Cube[Detail]-3591214') is missing!
 
(Filename:  Line: 1655)

The referenced script on this Behaviour (Game Object 'pb-Cube[Detail]-3591214') is missing!
 
(Filename:  Line: 1655)

The referenced script on this Behaviour (Game Object 'pb-Cube[Detail]-3591214') is missing!
 
(Filename:  Line: 1655)

The referenced script on this Behaviour (Game Object 'pb-Cube[Detail]-3591214') is missing!
 
(Filename:  Line: 1655)

The referenced script on this Behaviour (Game Object 'pb-Cube[Detail]-3591214') is missing!
 
(Filename:  Line: 1655)

The referenced script on this Behaviour (Game Object 'pb-Cube[Detail]-3591214') is missing!
 
(Filename:  Line: 1655)

The referenced script on this Behaviour (Game Object 'pb-Cube[Detail]-3591214') is missing!
 
(Filename:  Line: 1655)

The referenced script on this Behaviour (Game Object 'pb-Cube[Detail]-3591214') is missing!
 
(Filename:  Line: 1655)

The referenced script on this Behaviour (Game Object 'pb-Cube[Detail]-3591214') is missing!
 
(Filename:  Line: 1655)

The referenced script on this Behaviour (Game Object 'pb-Cube[Detail]-3591214') is missing!
 
(Filename:  Line: 1655)

The referenced script on this Behaviour (Game Object 'pb-Cube[Detail]-3591214') is missing!
 
(Filename:  Line: 1655)

The referenced script on this Behaviour (Game Object 'pb-Cube[Detail]-3591214') is missing!
 
(Filename:  Line: 1655)

The referenced script on this Behaviour (Game Object 'pb-Cube[Detail]-3591214') is missing!
 
(Filename:  Line: 1655)

The referenced script on this Behaviour (Game Object 'pb-Cube[Detail]-3591214') is missing!
 
(Filename:  Line: 1655)

The referenced script on this Behaviour (Game Object 'pb-Cube[Detail]-3591214') is missing!
 
(Filename:  Line: 1655)

The referenced script on this Behaviour (Game Object 'pb-Cube[Detail]-3591214') is missing!
 
(Filename:  Line: 1655)

The referenced script on this Behaviour (Game Object 'pb-Cube[Detail]-3591214') is missing!
 
(Filename:  Line: 1655)

The referenced script on this Behaviour (Game Object 'pb-Cube[Detail]-3591214') is missing!
 
(Filename:  Line: 1655)

The referenced script on this Behaviour (Game Object 'pb-Cube[Detail]-3591214') is missing!
 
(Filename:  Line: 1655)

The referenced script on this Behaviour (Game Object 'pb-Cube[Detail]-3591214') is missing!
 
(Filename:  Line: 1655)

The referenced script on this Behaviour (Game Object 'pb-Cube[Detail]-3591214') is missing!
 
(Filename:  Line: 1655)

The referenced script on this Behaviour (Game Object 'pb-Cube[Detail]-3591214') is missing!
 
(Filename:  Line: 1655)

The referenced script on this Behaviour (Game Object 'pb-Cube[Detail]-3591214') is missing!
 
(Filename:  Line: 1655)

The referenced script on this Behaviour (Game Object 'pb-Cube[Detail]-3591214') is missing!
 
(Filename:  Line: 1655)

The referenced script on this Behaviour (Game Object 'pb-Cube[Detail]-3591214') is missing!
 
(Filename:  Line: 1655)

The referenced script on this Behaviour (Game Object 'pb-Cube[Detail]-3591214') is missing!
 
(Filename:  Line: 1655)

The referenced script on this Behaviour (Game Object 'pb-Cube[Detail]-3591214') is missing!
 
(Filename:  Line: 1655)

The referenced script on this Behaviour (Game Object 'pb-Cube[Detail]-3591214') is missing!
 
(Filename:  Line: 1655)

The referenced script on this Behaviour (Game Object 'pb-Cube[Detail]-3591214') is missing!
 
(Filename:  Line: 1655)

The referenced script on this Behaviour (Game Object 'pb-Cube[Detail]-3591214') is missing!
 
(Filename:  Line: 1655)

The referenced script on this Behaviour (Game Object 'pb-Cube[Detail]-3591214') is missing!
 
(Filename:  Line: 1655)

The referenced script on this Behaviour (Game Object 'pb-Cube[Detail]-3591214') is missing!
 
(Filename:  Line: 1655)

The referenced script on this Behaviour (Game Object 'pb-Cube[Detail]-3591214') is missing!
 
(Filename:  Line: 1655)

The referenced script on this Behaviour (Game Object 'pb-Cube[Detail]-3591214') is missing!
 
(Filename:  Line: 1655)

The referenced script on this Behaviour (Game Object 'pb-Cube[Detail]-3591214') is missing!
 
(Filename:  Line: 1655)

The referenced script on this Behaviour (Game Object 'pb-Cube[Detail]-3591214') is missing!
 
(Filename:  Line: 1655)

The referenced script on this Behaviour (Game Object 'pb-Cube[Detail]-3591214') is missing!
 
(Filename:  Line: 1655)

The referenced script on this Behaviour (Game Object 'pb-Cube[Detail]-3591214') is missing!
 
(Filename:  Line: 1655)

The referenced script on this Behaviour (Game Object 'pb-Cube[Detail]-3591214') is missing!
 
(Filename:  Line: 1655)

The referenced script on this Behaviour (Game Object 'pb-Cube[Detail]-8306816') is missing!
 
(Filename:  Line: 1655)

The referenced script on this Behaviour (Game Object 'pb-Cube[Detail]-8306816') is missing!
 
(Filename:  Line: 1655)

The referenced script on this Behaviour (Game Object 'pb-Cube[Detail]-3591214') is missing!
 
(Filename:  Line: 1655)

The referenced script on this Behaviour (Game Object 'pb-Cube[Detail]-3591214') is missing!
 
(Filename:  Line: 1655)

The referenced script on this Behaviour (Game Object 'pb-Cube[Detail]-3591214') is missing!
 
(Filename:  Line: 1655)

The referenced script on this Behaviour (Game Object 'pb-Cube[Detail]-3591214') is missing!
 
(Filename:  Line: 1655)

The referenced script on this Behaviour (Game Object 'pb-Cube[Detail]-30567092_3') is missing!
 
(Filename:  Line: 1655)

The referenced script on this Behaviour (Game Object 'pb-Cube[Detail]-30567092_3') is missing!
 
(Filename:  Line: 1655)

The referenced script on this Behaviour (Game Object 'pb-Cube[Detail]-3591214') is missing!
 
(Filename:  Line: 1655)

The referenced script on this Behaviour (Game Object 'pb-Cube[Detail]-3591214') is missing!
 
(Filename:  Line: 1655)

The referenced script on this Behaviour (Game Object 'pb-Cube[Detail]-3591214') is missing!
 
(Filename:  Line: 1655)

The referenced script on this Behaviour (Game Object 'pb-Cube[Detail]-3591214') is missing!
 
(Filename:  Line: 1655)

The referenced script on this Behaviour (Game Object 'pb-Cube[Detail]-3591214') is missing!
 
(Filename:  Line: 1655)

The referenced script on this Behaviour (Game Object 'pb-Cube[Detail]-3591214') is missing!
 
(Filename:  Line: 1655)

The referenced script on this Behaviour (Game Object 'pb-Cube[Detail]-3591214') is missing!
 
(Filename:  Line: 1655)

The referenced script on this Behaviour (Game Object 'pb-Cube[Detail]-3591214') is missing!
 
(Filename:  Line: 1655)

The referenced script on this Behaviour (Game Object 'pb-Cube[Detail]-3591214') is missing!
 
(Filename:  Line: 1655)

The referenced script on this Behaviour (Game Object 'pb-Cube[Detail]-3591214') is missing!
 
(Filename:  Line: 1655)

The referenced script on this Behaviour (Game Object 'pb-Cube[Detail]-3591214') is missing!
 
(Filename:  Line: 1655)

The referenced script on this Behaviour (Game Object 'pb-Cube[Detail]-3591214') is missing!
 
(Filename:  Line: 1655)

The referenced script on this Behaviour (Game Object 'pb-Cube[Detail]-3591214') is missing!
 
(Filename:  Line: 1655)

The referenced script on this Behaviour (Game Object 'pb-Cube[Detail]-3591214') is missing!
 
(Filename:  Line: 1655)

The referenced script on this Behaviour (Game Object 'pb-Cube[Detail]-8306816') is missing!
 
(Filename:  Line: 1655)

The referenced script on this Behaviour (Game Object 'pb-Cube[Detail]-8306816') is missing!
 
(Filename:  Line: 1655)

The referenced script on this Behaviour (Game Object 'pb-Cube[Detail]-3591214') is missing!
 
(Filename:  Line: 1655)

The referenced script on this Behaviour (Game Object 'pb-Cube[Detail]-3591214') is missing!
 
(Filename:  Line: 1655)

The referenced script on this Behaviour (Game Object 'pb-Cube[Detail]-3591214') is missing!
 
(Filename:  Line: 1655)

The referenced script on this Behaviour (Game Object 'pb-Cube[Detail]-3591214') is missing!
 
(Filename:  Line: 1655)

The referenced script on this Behaviour (Game Object 'pb-Cube[Detail]-3591214') is missing!
 
(Filename:  Line: 1655)

The referenced script on this Behaviour (Game Object 'pb-Cube[Detail]-3591214') is missing!
 
(Filename:  Line: 1655)

The referenced script on this Behaviour (Game Object 'pb-Cube[Detail]-3591214') is missing!
 
(Filename:  Line: 1655)

The referenced script on this Behaviour (Game Object 'pb-Cube[Detail]-3591214') is missing!
 
(Filename:  Line: 1655)

The referenced script on this Behaviour (Game Object 'pb-Cube[Detail]-3591214') is missing!
 
(Filename:  Line: 1655)

The referenced script on this Behaviour (Game Object 'pb-Cube[Detail]-3591214') is missing!
 
(Filename:  Line: 1655)

The referenced script on this Behaviour (Game Object 'pb-Cube[Detail]-3591214') is missing!
 
(Filename:  Line: 1655)

The referenced script on this Behaviour (Game Object 'pb-Cube[Detail]-3591214') is missing!
 
(Filename:  Line: 1655)

The referenced script on this Behaviour (Game Object 'pb-Cube[Detail]-3591214') is missing!
 
(Filename:  Line: 1655)

The referenced script on this Behaviour (Game Object 'pb-Cube[Detail]-3591214') is missing!
 
(Filename:  Line: 1655)

The referenced script on this Behaviour (Game Object 'pb-Cube[Detail]-3591214') is missing!
 
(Filename:  Line: 1655)

The referenced script on this Behaviour (Game Object 'pb-Cube[Detail]-3591214') is missing!
 
(Filename:  Line: 1655)

The referenced script on this Behaviour (Game Object 'pb-Cube[Detail]-3591214') is missing!
 
(Filename:  Line: 1655)

The referenced script on this Behaviour (Game Object 'pb-Cube[Detail]-3591214') is missing!
 
(Filename:  Line: 1655)

The referenced script on this Behaviour (Game Object 'pb-Cube[Detail]-3591214') is missing!
 
(Filename:  Line: 1655)

The referenced script on this Behaviour (Game Object 'pb-Cube[Detail]-3591214') is missing!
 
(Filename:  Line: 1655)

The referenced script on this Behaviour (Game Object 'pb-Cube[Detail]-3591214') is missing!
 
(Filename:  Line: 1655)

The referenced script on this Behaviour (Game Object 'pb-Cube[Detail]-3591214') is missing!
 
(Filename:  Line: 1655)

The referenced script on this Behaviour (Game Object 'pb-Cube[Detail]-3591214') is missing!
 
(Filename:  Line: 1655)

The referenced script on this Behaviour (Game Object 'pb-Cube[Detail]-3591214') is missing!
 
(Filename:  Line: 1655)

The referenced script on this Behaviour (Game Object 'pb-Cube[Detail]-3591214') is missing!
 
(Filename:  Line: 1655)

The referenced script on this Behaviour (Game Object 'pb-Cube[Detail]-3591214') is missing!
 
(Filename:  Line: 1655)

The referenced script on this Behaviour (Game Object 'pb-Cube[Detail]-8306816') is missing!
 
(Filename:  Line: 1655)

The referenced script on this Behaviour (Game Object 'pb-Cube[Detail]-8306816') is missing!
 
(Filename:  Line: 1655)

The referenced script on this Behaviour (Game Object 'pb-Cube[Detail]-3591214') is missing!
 
(Filename:  Line: 1655)

The referenced script on this Behaviour (Game Object 'pb-Cube[Detail]-3591214') is missing!
 
(Filename:  Line: 1655)

The referenced script on this Behaviour (Game Object 'pb-Cube[Detail]-3591214') is missing!
 
(Filename:  Line: 1655)

The referenced script on this Behaviour (Game Object 'pb-Cube[Detail]-3591214') is missing!
 
(Filename:  Line: 1655)

The referenced script on this Behaviour (Game Object 'pb-Cube[Detail]-3591214') is missing!
 
(Filename:  Line: 1655)

The referenced script on this Behaviour (Game Object 'pb-Cube[Detail]-3591214') is missing!
 
(Filename:  Line: 1655)

The referenced script on this Behaviour (Game Object 'pb-Cube[Detail]-ground') is missing!
 
(Filename:  Line: 1655)

The referenced script on this Behaviour (Game Object 'pb-Cube[Detail]-ground') is missing!
 
(Filename:  Line: 1655)

The referenced script on this Behaviour (Game Object 'pb-Cube[Detail]-3591214') is missing!
 
(Filename:  Line: 1655)

The referenced script on this Behaviour (Game Object 'pb-Cube[Detail]-3591214') is missing!
 
(Filename:  Line: 1655)

The referenced script on this Behaviour (Game Object 'pb-Cube[Detail]-3591214') is missing!
 
(Filename:  Line: 1655)

The referenced script on this Behaviour (Game Object 'pb-Cube[Detail]-3591214') is missing!
 
(Filename:  Line: 1655)

The referenced script on this Behaviour (Game Object 'pb-Cube[Detail]-3591214') is missing!
 
(Filename:  Line: 1655)

The referenced script on this Behaviour (Game Object 'pb-Cube[Detail]-3591214') is missing!
 
(Filename:  Line: 1655)

The referenced script on this Behaviour (Game Object 'pb-Cube[Detail]-3591214') is missing!
 
(Filename:  Line: 1655)

The referenced script on this Behaviour (Game Object 'pb-Cube[Detail]-3591214') is missing!
 
(Filename:  Line: 1655)

The referenced script on this Behaviour (Game Object 'pb-Cube[Detail]-3591214') is missing!
 
(Filename:  Line: 1655)

The referenced script on this Behaviour (Game Object 'pb-Cube[Detail]-3591214') is missing!
 
(Filename:  Line: 1655)

The referenced script on this Behaviour (Game Object 'pb-Cube[Detail]-3591214') is missing!
 
(Filename:  Line: 1655)

The referenced script on this Behaviour (Game Object 'pb-Cube[Detail]-3591214') is missing!
 
(Filename:  Line: 1655)

The referenced script on this Behaviour (Game Object 'pb-Cube[Detail]-3591214') is missing!
 
(Filename:  Line: 1655)

The referenced script on this Behaviour (Game Object 'pb-Cube[Detail]-3591214') is missing!
 
(Filename:  Line: 1655)

The referenced script on this Behaviour (Game Object 'pb-Cube[Detail]-3591214') is missing!
 
(Filename:  Line: 1655)

The referenced script on this Behaviour (Game Object 'pb-Cube[Detail]-3591214') is missing!
 
(Filename:  Line: 1655)

The referenced script on this Behaviour (Game Object 'pb-Cube[Detail]-3591214') is missing!
 
(Filename:  Line: 1655)

The referenced script on this Behaviour (Game Object 'pb-Cube[Detail]-3591214') is missing!
 
(Filename:  Line: 1655)

The referenced script on this Behaviour (Game Object 'pb-Cube[Detail]-3591214') is missing!
 
(Filename:  Line: 1655)

The referenced script on this Behaviour (Game Object 'pb-Cube[Detail]-3591214') is missing!
 
(Filename:  Line: 1655)

The referenced script on this Behaviour (Game Object 'pb-Cube[Detail]-3591214') is missing!
 
(Filename:  Line: 1655)

The referenced script on this Behaviour (Game Object 'pb-Cube[Detail]-3591214') is missing!
 
(Filename:  Line: 1655)

The referenced script on this Behaviour (Game Object 'pb-Cube[Detail]-3591214') is missing!
 
(Filename:  Line: 1655)

The referenced script on this Behaviour (Game Object 'pb-Cube[Detail]-3591214') is missing!
 
(Filename:  Line: 1655)

The referenced script on this Behaviour (Game Object 'pb-Cube[Detail]-3591214') is missing!
 
(Filename:  Line: 1655)

The referenced script on this Behaviour (Game Object 'pb-Cube[Detail]-3591214') is missing!
 
(Filename:  Line: 1655)

The referenced script on this Behaviour (Game Object 'pb-Cube[Detail]-3591214') is missing!
 
(Filename:  Line: 1655)

The referenced script on this Behaviour (Game Object 'pb-Cube[Detail]-3591214') is missing!
 
(Filename:  Line: 1655)

The referenced script on this Behaviour (Game Object 'pb-Cube[Detail]-3591214') is missing!
 
(Filename:  Line: 1655)

The referenced script on this Behaviour (Game Object 'pb-Cube[Detail]-3591214') is missing!
 
(Filename:  Line: 1655)

The referenced script on this Behaviour (Game Object 'pb-Cube[Detail]-3591214') is missing!
 
(Filename:  Line: 1655)

The referenced script on this Behaviour (Game Object 'pb-Cube[Detail]-3591214') is missing!
 
(Filename:  Line: 1655)

The referenced script on this Behaviour (Game Object 'pb-Cube[Detail]-3591214') is missing!
 
(Filename:  Line: 1655)

The referenced script on this Behaviour (Game Object 'pb-Cube[Detail]-3591214') is missing!
 
(Filename:  Line: 1655)

The referenced script on this Behaviour (Game Object 'pb-Cube[Detail]-3591214') is missing!
 
(Filename:  Line: 1655)

The referenced script on this Behaviour (Game Object 'pb-Cube[Detail]-3591214') is missing!
 
(Filename:  Line: 1655)

The referenced script on this Behaviour (Game Object 'pb-Cube[Detail]-3591214') is missing!
 
(Filename:  Line: 1655)

The referenced script on this Behaviour (Game Object 'pb-Cube[Detail]-3591214') is missing!
 
(Filename:  Line: 1655)

The referenced script on this Behaviour (Game Object 'pb-Cube[Detail]-3591214') is missing!
 
(Filename:  Line: 1655)

The referenced script on this Behaviour (Game Object 'pb-Cube[Detail]-3591214') is missing!
 
(Filename:  Line: 1655)

The referenced script on this Behaviour (Game Object 'pb-Cube[Detail]-3591214') is missing!
 
(Filename:  Line: 1655)

The referenced script on this Behaviour (Game Object 'pb-Cube[Detail]-3591214') is missing!
 
(Filename:  Line: 1655)

The referenced script on this Behaviour (Game Object 'pb-Cube[Detail]-3591214') is missing!
 
(Filename:  Line: 1655)

The referenced script on this Behaviour (Game Object 'pb-Cube[Detail]-3591214') is missing!
 
(Filename:  Line: 1655)

The referenced script on this Behaviour (Game Object 'pb-Cube[Detail]-3591214') is missing!
 
(Filename:  Line: 1655)

The referenced script on this Behaviour (Game Object 'pb-Cube[Detail]-3591214') is missing!
 
(Filename:  Line: 1655)

The referenced script on this Behaviour (Game Object 'pb-Cube[Detail]-3591214') is missing!
 
(Filename:  Line: 1655)

The referenced script on this Behaviour (Game Object 'pb-Cube[Detail]-3591214') is missing!
 
(Filename:  Line: 1655)

The referenced script on this Behaviour (Game Object 'pb-Cube[Detail]-3591214') is missing!
 
(Filename:  Line: 1655)

The referenced script on this Behaviour (Game Object 'pb-Cube[Detail]-3591214') is missing!
 
(Filename:  Line: 1655)

The referenced script on this Behaviour (Game Object 'pb-Cube[Detail]-3591214') is missing!
 
(Filename:  Line: 1655)

The referenced script on this Behaviour (Game Object 'pb-Cube[Detail]-3591214') is missing!
 
(Filename:  Line: 1655)

The referenced script on this Behaviour (Game Object 'pb-Cube[Detail]-3591214') is missing!
 
(Filename:  Line: 1655)

The referenced script on this Behaviour (Game Object 'pb-Cube[Detail]-3591214') is missing!
 
(Filename:  Line: 1655)

The referenced script on this Behaviour (Game Object 'pb-Cube[Detail]-3591214') is missing!
 
(Filename:  Line: 1655)

The referenced script on this Behaviour (Game Object 'pb-Cube[Detail]-3591214') is missing!
 
(Filename:  Line: 1655)

The referenced script on this Behaviour (Game Object 'pb-Cube[Detail]-3591214') is missing!
 
(Filename:  Line: 1655)

The referenced script on this Behaviour (Game Object 'pb-Cube[Detail]-3591214') is missing!
 
(Filename:  Line: 1655)

The referenced script on this Behaviour (Game Object 'pb-Cube[Detail]-3591214') is missing!
 
(Filename:  Line: 1655)

The referenced script on this Behaviour (Game Object 'pb-Cube[Detail]-3591214') is missing!
 
(Filename:  Line: 1655)

The referenced script on this Behaviour (Game Object 'pb-Cube[Detail]-8306816') is missing!
 
(Filename:  Line: 1655)

The referenced script on this Behaviour (Game Object 'pb-Cube[Detail]-8306816') is missing!
 
(Filename:  Line: 1655)

The referenced script on this Behaviour (Game Object 'pb-Cube[Detail]-3591214') is missing!
 
(Filename:  Line: 1655)

The referenced script on this Behaviour (Game Object 'pb-Cube[Detail]-3591214') is missing!
 
(Filename:  Line: 1655)

The referenced script on this Behaviour (Game Object 'pb-Cube[Detail]-3591214') is missing!
 
(Filename:  Line: 1655)

The referenced script on this Behaviour (Game Object 'pb-Cube[Detail]-3591214') is missing!
 
(Filename:  Line: 1655)

The referenced script on this Behaviour (Game Object 'pb-Cube[Detail]-3591214') is missing!
 
(Filename:  Line: 1655)

The referenced script on this Behaviour (Game Object 'pb-Cube[Detail]-3591214') is missing!
 
(Filename:  Line: 1655)

The referenced script on this Behaviour (Game Object 'pb-Cube[Detail]-3591214') is missing!
 
(Filename:  Line: 1655)

The referenced script on this Behaviour (Game Object 'pb-Cube[Detail]-3591214') is missing!
 
(Filename:  Line: 1655)

The referenced script on this Behaviour (Game Object 'pb-Cube[Detail]-3591214') is missing!
 
(Filename:  Line: 1655)

The referenced script on this Behaviour (Game Object 'pb-Cube[Detail]-3591214') is missing!
 
(Filename:  Line: 1655)

The referenced script on this Behaviour (Game Object 'pb-Cube[Detail]-3591214') is missing!
 
(Filename:  Line: 1655)

The referenced script on this Behaviour (Game Object 'pb-Cube[Detail]-3591214') is missing!
 
(Filename:  Line: 1655)

The referenced script on this Behaviour (Game Object 'pb-Cube[Detail]-8306816') is missing!
 
(Filename:  Line: 1655)

The referenced script on this Behaviour (Game Object 'pb-Cube[Detail]-8306816') is missing!
 
(Filename:  Line: 1655)

The referenced script on this Behaviour (Game Object 'pb-Cube[Detail]-3591214') is missing!
 
(Filename:  Line: 1655)

The referenced script on this Behaviour (Game Object 'pb-Cube[Detail]-3591214') is missing!
 
(Filename:  Line: 1655)

The referenced script on this Behaviour (Game Object 'pb-Cube[Detail]-3591214') is missing!
 
(Filename:  Line: 1655)

The referenced script on this Behaviour (Game Object 'pb-Cube[Detail]-3591214') is missing!
 
(Filename:  Line: 1655)

The referenced script on this Behaviour (Game Object 'pb-Cube[Detail]-3591214') is missing!
 
(Filename:  Line: 1655)

The referenced script on this Behaviour (Game Object 'pb-Cube[Detail]-3591214') is missing!
 
(Filename:  Line: 1655)

The referenced script on this Behaviour (Game Object 'pb-Cube[Detail]-3591214') is missing!
 
(Filename:  Line: 1655)

The referenced script on this Behaviour (Game Object 'pb-Cube[Detail]-3591214') is missing!
 
(Filename:  Line: 1655)

The referenced script on this Behaviour (Game Object 'pb-Cube[Detail]-3591214') is missing!
 
(Filename:  Line: 1655)

The referenced script on this Behaviour (Game Object 'pb-Cube[Detail]-3591214') is missing!
 
(Filename:  Line: 1655)

The referenced script on this Behaviour (Game Object 'pb-Cube[Detail]-3591214') is missing!
 
(Filename:  Line: 1655)

The referenced script on this Behaviour (Game Object 'pb-Cube[Detail]-3591214') is missing!
 
(Filename:  Line: 1655)

The referenced script on this Behaviour (Game Object 'pb-Cube[Detail]-3591214') is missing!
 
(Filename:  Line: 1655)

The referenced script on this Behaviour (Game Object 'pb-Cube[Detail]-3591214') is missing!
 
(Filename:  Line: 1655)

The referenced script on this Behaviour (Game Object 'pb-Cube[Detail]-3591214') is missing!
 
(Filename:  Line: 1655)

The referenced script on this Behaviour (Game Object 'pb-Cube[Detail]-3591214') is missing!
 
(Filename:  Line: 1655)

The referenced script on this Behaviour (Game Object 'pb-Cube[Detail]-30567092_4') is missing!
 
(Filename:  Line: 1655)

The referenced script on this Behaviour (Game Object 'pb-Cube[Detail]-30567092_4') is missing!
 
(Filename:  Line: 1655)

The referenced script on this Behaviour (Game Object 'pb-Cube[Detail]-3591214') is missing!
 
(Filename:  Line: 1655)

The referenced script on this Behaviour (Game Object 'pb-Cube[Detail]-3591214') is missing!
 
(Filename:  Line: 1655)

The referenced script on this Behaviour (Game Object 'pb-Cube[Detail]-3591214') is missing!
 
(Filename:  Line: 1655)

The referenced script on this Behaviour (Game Object 'pb-Cube[Detail]-3591214') is missing!
 
(Filename:  Line: 1655)

The referenced script on this Behaviour (Game Object 'pb-Cube[Detail]-3591214') is missing!
 
(Filename:  Line: 1655)

The referenced script on this Behaviour (Game Object 'pb-Cube[Detail]-3591214') is missing!
 
(Filename:  Line: 1655)

The referenced script on this Behaviour (Game Object 'pb-Cube[Detail]-3591214') is missing!
 
(Filename:  Line: 1655)

The referenced script on this Behaviour (Game Object 'pb-Cube[Detail]-3591214') is missing!
 
(Filename:  Line: 1655)

The referenced script on this Behaviour (Game Object 'pb-Cube[Detail]-3591214') is missing!
 
(Filename:  Line: 1655)

The referenced script on this Behaviour (Game Object 'pb-Cube[Detail]-3591214') is missing!
 
(Filename:  Line: 1655)

The referenced script on this Behaviour (Game Object 'pb-Cube[Detail]-3591214') is missing!
 
(Filename:  Line: 1655)

The referenced script on this Behaviour (Game Object 'pb-Cube[Detail]-3591214') is missing!
 
(Filename:  Line: 1655)

The referenced script on this Behaviour (Game Object 'pb-Cube[Detail]-3591214') is missing!
 
(Filename:  Line: 1655)

The referenced script on this Behaviour (Game Object 'pb-Cube[Detail]-3591214') is missing!
 
(Filename:  Line: 1655)

The referenced script on this Behaviour (Game Object 'pb-Cube[Detail]-3591214') is missing!
 
(Filename:  Line: 1655)

The referenced script on this Behaviour (Game Object 'pb-Cube[Detail]-3591214') is missing!
 
(Filename:  Line: 1655)

The referenced script on this Behaviour (Game Object 'pb-Cube[Detail]-30567092') is missing!
 
(Filename:  Line: 1655)

The referenced script on this Behaviour (Game Object 'pb-Cube[Detail]-30567092') is missing!
 
(Filename:  Line: 1655)

The referenced script on this Behaviour (Game Object 'pb-Cube[Detail]-3591214') is missing!
 
(Filename:  Line: 1655)

The referenced script on this Behaviour (Game Object 'pb-Cube[Detail]-3591214') is missing!
 
(Filename:  Line: 1655)

The referenced script on this Behaviour (Game Object 'pb-Cube[Detail]-3591214') is missing!
 
(Filename:  Line: 1655)

The referenced script on this Behaviour (Game Object 'pb-Cube[Detail]-3591214') is missing!
 
(Filename:  Line: 1655)

The referenced script on this Behaviour (Game Object 'pb-Cube[Detail]-3591214') is missing!
 
(Filename:  Line: 1655)

The referenced script on this Behaviour (Game Object 'pb-Cube[Detail]-3591214') is missing!
 
(Filename:  Line: 1655)

The referenced script on this Behaviour (Game Object 'pb-Cube[Detail]-3591214') is missing!
 
(Filename:  Line: 1655)

The referenced script on this Behaviour (Game Object 'pb-Cube[Detail]-3591214') is missing!
 
(Filename:  Line: 1655)

The referenced script on this Behaviour (Game Object 'pb-Cube[Detail]-3591214') is missing!
 
(Filename:  Line: 1655)

The referenced script on this Behaviour (Game Object 'pb-Cube[Detail]-3591214') is missing!
 
(Filename:  Line: 1655)

The referenced script on this Behaviour (Game Object 'pb-Cube[Detail]-3591214') is missing!
 
(Filename:  Line: 1655)

The referenced script on this Behaviour (Game Object 'pb-Cube[Detail]-3591214') is missing!
 
(Filename:  Line: 1655)

The referenced script on this Behaviour (Game Object 'pb-Cube[Detail]-3591214') is missing!
 
(Filename:  Line: 1655)

The referenced script on this Behaviour (Game Object 'pb-Cube[Detail]-3591214') is missing!
 
(Filename:  Line: 1655)

The referenced script on this Behaviour (Game Object 'pb-Cube[Detail]-8306816') is missing!
 
(Filename:  Line: 1655)

The referenced script on this Behaviour (Game Object 'pb-Cube[Detail]-8306816') is missing!
 
(Filename:  Line: 1655)

The referenced script on this Behaviour (Game Object 'pb-Cube[Detail]-3591214') is missing!
 
(Filename:  Line: 1655)

The referenced script on this Behaviour (Game Object 'pb-Cube[Detail]-3591214') is missing!
 
(Filename:  Line: 1655)

The referenced script on this Behaviour (Game Object 'pb-Cube[Detail]-8306816') is missing!
 
(Filename:  Line: 1655)

The referenced script on this Behaviour (Game Object 'pb-Cube[Detail]-8306816') is missing!
 
(Filename:  Line: 1655)

The referenced script on this Behaviour (Game Object 'pb-Cube[Detail]-3591214') is missing!
 
(Filename:  Line: 1655)

The referenced script on this Behaviour (Game Object 'pb-Cube[Detail]-3591214') is missing!
 
(Filename:  Line: 1655)

The referenced script on this Behaviour (Game Object 'pb-Cube[Detail]-3591214') is missing!
 
(Filename:  Line: 1655)

The referenced script on this Behaviour (Game Object 'pb-Cube[Detail]-3591214') is missing!
 
(Filename:  Line: 1655)

The referenced script on this Behaviour (Game Object 'pb-Cube[Detail]-3591214') is missing!
 
(Filename:  Line: 1655)

The referenced script on this Behaviour (Game Object 'pb-Cube[Detail]-3591214') is missing!
 
(Filename:  Line: 1655)

The referenced script on this Behaviour (Game Object 'pb-Cube[Detail]-3591214') is missing!
 
(Filename:  Line: 1655)

The referenced script on this Behaviour (Game Object 'pb-Cube[Detail]-3591214') is missing!
 
(Filename:  Line: 1655)

The referenced script on this Behaviour (Game Object 'pb-Cube[Detail]-3591214') is missing!
 
(Filename:  Line: 1655)

The referenced script on this Behaviour (Game Object 'pb-Cube[Detail]-3591214') is missing!
 
(Filename:  Line: 1655)

The referenced script on this Behaviour (Game Object 'pb-Cube[Detail]-3591214') is missing!
 
(Filename:  Line: 1655)

The referenced script on this Behaviour (Game Object 'pb-Cube[Detail]-3591214') is missing!
 
(Filename:  Line: 1655)

The referenced script on this Behaviour (Game Object 'pb-Cube[Detail]-3591214') is missing!
 
(Filename:  Line: 1655)

The referenced script on this Behaviour (Game Object 'pb-Cube[Detail]-3591214') is missing!
 
(Filename:  Line: 1655)

The referenced script on this Behaviour (Game Object 'pb-Cube[Detail]-3591214') is missing!
 
(Filename:  Line: 1655)

The referenced script on this Behaviour (Game Object 'pb-Cube[Detail]-3591214') is missing!
 
(Filename:  Line: 1655)

The referenced script on this Behaviour (Game Object 'pb-Cube[Detail]-3591214') is missing!
 
(Filename:  Line: 1655)

The referenced script on this Behaviour (Game Object 'pb-Cube[Detail]-3591214') is missing!
 
(Filename:  Line: 1655)

The referenced script on this Behaviour (Game Object 'pb-Cube[Detail]-3591214') is missing!
 
(Filename:  Line: 1655)

The referenced script on this Behaviour (Game Object 'pb-Cube[Detail]-3591214') is missing!
 
(Filename:  Line: 1655)

The referenced script on this Behaviour (Game Object 'pb-Cube[Detail]-3591214') is missing!
 
(Filename:  Line: 1655)

The referenced script on this Behaviour (Game Object 'pb-Cube[Detail]-3591214') is missing!
 
(Filename:  Line: 1655)

The referenced script on this Behaviour (Game Object 'pb-Cube[Detail]-3591214') is missing!
 
(Filename:  Line: 1655)

The referenced script on this Behaviour (Game Object 'pb-Cube[Detail]-3591214') is missing!
 
(Filename:  Line: 1655)

The referenced script on this Behaviour (Game Object 'pb-Cube[Detail]-3591214') is missing!
 
(Filename:  Line: 1655)

The referenced script on this Behaviour (Game Object 'pb-Cube[Detail]-3591214') is missing!
 
(Filename:  Line: 1655)

The referenced script on this Behaviour (Game Object 'pb-Cube[Detail]-30567092_2') is missing!
 
(Filename:  Line: 1655)

The referenced script on this Behaviour (Game Object 'pb-Cube[Detail]-30567092_2') is missing!
 
(Filename:  Line: 1655)

The referenced script on this Behaviour (Game Object 'pb-Cube[Detail]-3591214') is missing!
 
(Filename:  Line: 1655)

The referenced script on this Behaviour (Game Object 'pb-Cube[Detail]-3591214') is missing!
 
(Filename:  Line: 1655)

The referenced script on this Behaviour (Game Object 'pb-Cube[Detail]-3591214') is missing!
 
(Filename:  Line: 1655)

The referenced script on this Behaviour (Game Object 'pb-Cube[Detail]-3591214') is missing!
 
(Filename:  Line: 1655)

The referenced script on this Behaviour (Game Object 'pb-Cube[Detail]-3591214') is missing!
 
(Filename:  Line: 1655)

The referenced script on this Behaviour (Game Object 'pb-Cube[Detail]-3591214') is missing!
 
(Filename:  Line: 1655)

UnloadTime: 0.845000 ms
/mnt/500GB_2/STEAM_LIBRARY/steamapps/common/FancySkulls/fancy_skulls_Data
 
(Filename: /home/builduser/buildslave/unity/build/artifacts/generated/common/runtime/UnityEngineDebugBindings.gen.cpp Line: 37)

/mnt/500GB_2/STEAM_LIBRARY/steamapps/common/FancySkulls/fancy_skulls_Data
 
(Filename: /home/builduser/buildslave/unity/build/artifacts/generated/common/runtime/UnityEngineDebugBindings.gen.cpp Line: 37)

Non-convex MeshCollider cannot be used as a trigger in Unity 5.
If you want to use this mesh as a trigger you have to make the MeshCollider convex. Scene hierarchy path "menu room", Mesh asset path "" Mesh name "RoomTrigger"
 
(Filename:  Line: 1268)

No cGUI skin loaded. Please use cGUI.cSkin to load a skin.
 
(Filename: /home/builduser/buildslave/unity/build/artifacts/generated/common/runtime/UnityEngineDebugBindings.gen.cpp Line: 37)

requesting resize 1920 x 1080
Using native desktop resolution 1920 x 1080

Selecting FBConfig
GLX_FBCONFIG_ID=167
GLX_BUFFER_SIZE=32
GLX_DOUBLEBUFFER=1
GLX_RED_SIZE=8
GLX_GREEN_SIZE=8
GLX_BLUE_SIZE=8
GLX_ALPHA_SIZE=8
GLX_DEPTH_SIZE=24
GLX_STENCIL_SIZE=8
GLX_SAMPLES_ARB=0
GLX_SAMPLE_BUFFERS_ARB=0
GLX_STEREO=0
GLX_CONFIG_CAVEAT=NONE

requesting fullscreen 1920 x 1080 at 0 Hz
Desktop is 1920 x 1080 @ 60 Hz
Changing real window size to 1920 x 1080
Changing real window size to 1920 x 1080
Changing real window size to 1920 x 1080
Changing real window size to 1920 x 1080
Changing real window size to 640 x 480
Changing real window size to 640 x 480
Changing real window size to 640 x 480
Changing real window size to 640 x 480
Changing real window size to 640 x 480
Changing real window size to 640 x 480
Changing real window size to 640 x 480
Changing real window size to 640 x 480
Changing real window size to 640 x 480
Changing real window size to 640 x 480
Changing real window size to 640 x 480
Changing real window size to 640 x 480
Changing real window size to 640 x 480
Changing real window size to 640 x 480
Changing real window size to 640 x 480
Changing real window size to 640 x 480
Changing real window size to 640 x 480
Changing real window size to 640 x 480
Changing real window size to 640 x 480
Changing real window size to 640 x 480
Changing real window size to 1920 x 1080
Changing real window size to 1920 x 1080
Received stats and achievements from Steam

 
(Filename: /home/builduser/buildslave/unity/build/artifacts/generated/common/runtime/UnityEngineDebugBindings.gen.cpp Line: 37)

Unloading 6 Unused Serialized files (Serialized files now loaded: 0)
UnloadTime: 10.136000 ms
Trying to load data from an older version of the A* Pathfinding Project
Current version: 3.8.1 Data version: 3.4.0.5
This is usually fine, it just means you have upgraded to a new version.
However node data (not settings) can get corrupted between versions (even though I try my best to keep compatibility), so it is recommended to recalculate any caches (those for faster startup) and resave any files. Even if it seems to load fine, it might cause subtle bugs.

 
(Filename: /home/builduser/buildslave/unity/build/artifacts/generated/common/runtime/UnityEngineDebugBindings.gen.cpp Line: 37)

Generation started
 
(Filename: /home/builduser/buildslave/unity/build/artifacts/generated/common/runtime/UnityEngineDebugBindings.gen.cpp Line: 37)


Unloading 178 unused Assets to reduce memory usage. Loaded Objects now: 32809.
Total: 18.187000 ms (FindLiveObjects: 1.986000 ms CreateObjectMapping: 0.747000 ms MarkObjects: 14.138000 ms  DeleteObjects: 1.315000 ms)

/mnt/500GB_2/STEAM_LIBRARY/steamapps/common/FancySkulls/fancy_skulls_Data
 
(Filename: /home/builduser/buildslave/unity/build/artifacts/generated/common/runtime/UnityEngineDebugBindings.gen.cpp Line: 37)

/mnt/500GB_2/STEAM_LIBRARY/steamapps/common/FancySkulls/fancy_skulls_Data
 
(Filename: /home/builduser/buildslave/unity/build/artifacts/generated/common/runtime/UnityEngineDebugBindings.gen.cpp Line: 37)

items:22 eyes: 17 weapon upgrades: 78
 
(Filename: /home/builduser/buildslave/unity/build/artifacts/generated/common/runtime/UnityEngineDebugBindings.gen.cpp Line: 37)

NullReferenceException: Object reference not set to an instance of an object
  at RoomPrefab.UpdateMap () [0x00000] in <filename unknown>:0 
  at RoomPrefab.OnTriggerEnter (UnityEngine.Collider other) [0x00000] in <filename unknown>:0 
 
(Filename:  Line: -1)

Generation finished
 
(Filename: /home/builduser/buildslave/unity/build/artifacts/generated/common/runtime/UnityEngineDebugBindings.gen.cpp Line: 37)

speedmod  :: 1.1
 
(Filename: /home/builduser/buildslave/unity/build/artifacts/generated/common/runtime/UnityEngineDebugBindings.gen.cpp Line: 37)

Changing real window size to 1920 x 1080
Changing real window size to 1920 x 1080
Changing real window size to 1920 x 1080
Changing real window size to 1920 x 1080
Changing real window size to 1920 x 1080
Setting up 2 worker threads for Enlighten.
  Thread -> id: c69f7b40 -> priority: 1 
  Thread -> id: c61f6b40 -> priority: 1 
