[2019-12-21 01:01:08.574] [debug] -------------------- Client Start --------------------
[2019-12-21 01:01:10.193] [info] Checking for update
[2019-12-21 01:01:10.410] [info] Generated new staging user ID: e11d080f-8b33-583e-8aa2-c8031662803a
[2019-12-21 01:01:10.908] [info] Update for version 1.7.8 is not available (latest version: 1.7.8, downgrade is allowed).
[2019-12-21 01:01:13.927] [info] Video gallery initializing
[2019-12-21 01:01:18.193] [info] THREE.WebGLRenderer 105
[2019-12-21 01:01:18.264] [warn] THREE.MeshLambertMaterial: 'smoothShading' is not a property of this material.
[2019-12-21 01:01:18.271] [warn] THREE.MeshLambertMaterial: 'smoothShading' is not a property of this material.
[2019-12-21 01:01:18.490] [info] THREE.WebGLRenderer 105
[2019-12-21 01:01:18.597] [info] THREE.WebGLRenderer 105
[2019-12-21 01:01:26.377] [error] (node:1633) UnhandledPromiseRejectionWarning: Error: connection closed
    at /tmp/.mount_setup.rHVNMD/resources/app.asar/node_modules/discord-rpc/src/client.js:107:20
    at Map.forEach (<anonymous>)
    at IPCTransport.<anonymous> (/tmp/.mount_setup.rHVNMD/resources/app.asar/node_modules/discord-rpc/src/client.js:106:25)
    at Object.onceWrapper (events.js:291:20)
    at IPCTransport.emit (events.js:203:13)
    at /tmp/.mount_setup.rHVNMD/resources/app.asar/node_modules/discord-rpc/src/transports/ipc.js:137:18
    at decode (/tmp/.mount_setup.rHVNMD/resources/app.asar/node_modules/discord-rpc/src/transports/ipc.js:92:5)
    at Socket.<anonymous> (/tmp/.mount_setup.rHVNMD/resources/app.asar/node_modules/discord-rpc/src/transports/ipc.js:120:7)
    at Socket.emit (events.js:203:13)
    at emitReadable_ (_stream_readable.js:565:12)
[2019-12-21 01:01:26.378] [error] (node:1633) UnhandledPromiseRejectionWarning: Error: connection closed
    at /tmp/.mount_setup.rHVNMD/resources/app.asar/node_modules/discord-rpc/src/client.js:107:20
    at Map.forEach (<anonymous>)
    at IPCTransport.<anonymous> (/tmp/.mount_setup.rHVNMD/resources/app.asar/node_modules/discord-rpc/src/client.js:106:25)
    at Object.onceWrapper (events.js:291:20)
    at IPCTransport.emit (events.js:203:13)
    at /tmp/.mount_setup.rHVNMD/resources/app.asar/node_modules/discord-rpc/src/transports/ipc.js:137:18
    at decode (/tmp/.mount_setup.rHVNMD/resources/app.asar/node_modules/discord-rpc/src/transports/ipc.js:92:5)
    at Socket.<anonymous> (/tmp/.mount_setup.rHVNMD/resources/app.asar/node_modules/discord-rpc/src/transports/ipc.js:120:7)
    at Socket.emit (events.js:203:13)
    at emitReadable_ (_stream_readable.js:565:12)
[2019-12-21 01:01:26.378] [error] (node:1633) UnhandledPromiseRejectionWarning: Unhandled promise rejection. This error originated either by throwing inside of an async function without a catch block, or by rejecting a promise which was not handled with .catch(). (rejection id: 1)
[2019-12-21 01:01:26.379] [error] (node:1633) UnhandledPromiseRejectionWarning: Unhandled promise rejection. This error originated either by throwing inside of an async function without a catch block, or by rejecting a promise which was not handled with .catch(). (rejection id: 1)
[2019-12-21 01:01:26.379] [error] (node:1633) [DEP0018] DeprecationWarning: Unhandled promise rejections are deprecated. In the future, promise rejections that are not handled will terminate the Node.js process with a non-zero exit code.
[2019-12-21 01:01:26.379] [error] (node:1633) [DEP0018] DeprecationWarning: Unhandled promise rejections are deprecated. In the future, promise rejections that are not handled will terminate the Node.js process with a non-zero exit code.
[2019-12-21 01:01:26.380] [error] (node:1633) UnhandledPromiseRejectionWarning: Error: connection closed
    at /tmp/.mount_setup.rHVNMD/resources/app.asar/node_modules/discord-rpc/src/client.js:107:20
    at Map.forEach (<anonymous>)
    at IPCTransport.<anonymous> (/tmp/.mount_setup.rHVNMD/resources/app.asar/node_modules/discord-rpc/src/client.js:106:25)
    at Object.onceWrapper (events.js:291:20)
    at IPCTransport.emit (events.js:203:13)
    at /tmp/.mount_setup.rHVNMD/resources/app.asar/node_modules/discord-rpc/src/transports/ipc.js:137:18
    at decode (/tmp/.mount_setup.rHVNMD/resources/app.asar/node_modules/discord-rpc/src/transports/ipc.js:92:5)
    at Socket.<anonymous> (/tmp/.mount_setup.rHVNMD/resources/app.asar/node_modules/discord-rpc/src/transports/ipc.js:120:7)
    at Socket.emit (events.js:203:13)
    at emitReadable_ (_stream_readable.js:565:12)
[2019-12-21 01:01:26.380] [error] (node:1633) UnhandledPromiseRejectionWarning: Error: connection closed
    at /tmp/.mount_setup.rHVNMD/resources/app.asar/node_modules/discord-rpc/src/client.js:107:20
    at Map.forEach (<anonymous>)
    at IPCTransport.<anonymous> (/tmp/.mount_setup.rHVNMD/resources/app.asar/node_modules/discord-rpc/src/client.js:106:25)
    at Object.onceWrapper (events.js:291:20)
    at IPCTransport.emit (events.js:203:13)
    at /tmp/.mount_setup.rHVNMD/resources/app.asar/node_modules/discord-rpc/src/transports/ipc.js:137:18
    at decode (/tmp/.mount_setup.rHVNMD/resources/app.asar/node_modules/discord-rpc/src/transports/ipc.js:92:5)
    at Socket.<anonymous> (/tmp/.mount_setup.rHVNMD/resources/app.asar/node_modules/discord-rpc/src/transports/ipc.js:120:7)
    at Socket.emit (events.js:203:13)
    at emitReadable_ (_stream_readable.js:565:12)
[2019-12-21 01:01:26.381] [error] (node:1633) UnhandledPromiseRejectionWarning: Unhandled promise rejection. This error originated either by throwing inside of an async function without a catch block, or by rejecting a promise which was not handled with .catch(). (rejection id: 2)
[2019-12-21 01:01:26.381] [error] (node:1633) UnhandledPromiseRejectionWarning: Unhandled promise rejection. This error originated either by throwing inside of an async function without a catch block, or by rejecting a promise which was not handled with .catch(). (rejection id: 2)
[2019-12-21 01:06:33.666] [debug] -------------------- Client Start --------------------
[2019-12-21 01:06:35.226] [info] Checking for update
[2019-12-21 01:06:36.014] [info] Update for version 1.7.8 is not available (latest version: 1.7.8, downgrade is allowed).
[2019-12-21 01:06:38.537] [info] Video gallery initializing
[2019-12-21 01:06:40.916] [info] THREE.WebGLRenderer 105
[2019-12-21 01:06:41.000] [warn] THREE.MeshLambertMaterial: 'smoothShading' is not a property of this material.
[2019-12-21 01:06:41.007] [warn] THREE.MeshLambertMaterial: 'smoothShading' is not a property of this material.
[2019-12-21 01:06:41.266] [info] THREE.WebGLRenderer 105
[2019-12-21 01:06:41.396] [info] THREE.WebGLRenderer 105
[2019-12-21 01:07:27.099] [info] Video gallery initializing
[2019-12-21 01:07:29.143] [info] THREE.WebGLRenderer 105
[2019-12-21 01:07:29.211] [warn] THREE.MeshLambertMaterial: 'smoothShading' is not a property of this material.
[2019-12-21 01:07:29.217] [warn] THREE.MeshLambertMaterial: 'smoothShading' is not a property of this material.
[2019-12-21 01:07:29.349] [info] THREE.WebGLRenderer 105
[2019-12-21 01:07:29.474] [info] THREE.WebGLRenderer 105
[2019-12-21 01:14:29.101] [info] Video gallery initializing
[2019-12-21 01:14:31.351] [info] THREE.WebGLRenderer 105
[2019-12-21 01:14:31.445] [warn] THREE.MeshLambertMaterial: 'smoothShading' is not a property of this material.
[2019-12-21 01:14:31.457] [warn] THREE.MeshLambertMaterial: 'smoothShading' is not a property of this material.
[2019-12-21 01:14:31.642] [info] THREE.WebGLRenderer 105
[2019-12-21 01:14:31.841] [info] THREE.WebGLRenderer 105
[2019-12-21 01:19:40.373] [error] (node:28192) UnhandledPromiseRejectionWarning: Error: connection closed
    at /tmp/.mount_krunkeGwXghU/resources/app.asar/node_modules/discord-rpc/src/client.js:107:20
    at Map.forEach (<anonymous>)
    at IPCTransport.<anonymous> (/tmp/.mount_krunkeGwXghU/resources/app.asar/node_modules/discord-rpc/src/client.js:106:25)
    at Object.onceWrapper (events.js:291:20)
    at IPCTransport.emit (events.js:203:13)
    at /tmp/.mount_krunkeGwXghU/resources/app.asar/node_modules/discord-rpc/src/transports/ipc.js:137:18
    at decode (/tmp/.mount_krunkeGwXghU/resources/app.asar/node_modules/discord-rpc/src/transports/ipc.js:92:5)
    at Socket.<anonymous> (/tmp/.mount_krunkeGwXghU/resources/app.asar/node_modules/discord-rpc/src/transports/ipc.js:120:7)
    at Socket.emit (events.js:203:13)
    at emitReadable_ (_stream_readable.js:565:12)
[2019-12-21 01:19:40.373] [error] (node:28192) UnhandledPromiseRejectionWarning: Error: connection closed
    at /tmp/.mount_krunkeGwXghU/resources/app.asar/node_modules/discord-rpc/src/client.js:107:20
    at Map.forEach (<anonymous>)
    at IPCTransport.<anonymous> (/tmp/.mount_krunkeGwXghU/resources/app.asar/node_modules/discord-rpc/src/client.js:106:25)
    at Object.onceWrapper (events.js:291:20)
    at IPCTransport.emit (events.js:203:13)
    at /tmp/.mount_krunkeGwXghU/resources/app.asar/node_modules/discord-rpc/src/transports/ipc.js:137:18
    at decode (/tmp/.mount_krunkeGwXghU/resources/app.asar/node_modules/discord-rpc/src/transports/ipc.js:92:5)
    at Socket.<anonymous> (/tmp/.mount_krunkeGwXghU/resources/app.asar/node_modules/discord-rpc/src/transports/ipc.js:120:7)
    at Socket.emit (events.js:203:13)
    at emitReadable_ (_stream_readable.js:565:12)
[2019-12-21 01:19:40.373] [error] (node:28192) UnhandledPromiseRejectionWarning: Unhandled promise rejection. This error originated either by throwing inside of an async function without a catch block, or by rejecting a promise which was not handled with .catch(). (rejection id: 1)
[2019-12-21 01:19:40.374] [error] (node:28192) UnhandledPromiseRejectionWarning: Unhandled promise rejection. This error originated either by throwing inside of an async function without a catch block, or by rejecting a promise which was not handled with .catch(). (rejection id: 1)
[2019-12-21 01:19:40.374] [error] (node:28192) [DEP0018] DeprecationWarning: Unhandled promise rejections are deprecated. In the future, promise rejections that are not handled will terminate the Node.js process with a non-zero exit code.
[2019-12-21 01:19:40.374] [error] (node:28192) [DEP0018] DeprecationWarning: Unhandled promise rejections are deprecated. In the future, promise rejections that are not handled will terminate the Node.js process with a non-zero exit code.
[2019-12-21 01:19:40.375] [error] (node:28192) UnhandledPromiseRejectionWarning: Error: connection closed
    at /tmp/.mount_krunkeGwXghU/resources/app.asar/node_modules/discord-rpc/src/client.js:107:20
    at Map.forEach (<anonymous>)
    at IPCTransport.<anonymous> (/tmp/.mount_krunkeGwXghU/resources/app.asar/node_modules/discord-rpc/src/client.js:106:25)
    at Object.onceWrapper (events.js:291:20)
    at IPCTransport.emit (events.js:203:13)
    at /tmp/.mount_krunkeGwXghU/resources/app.asar/node_modules/discord-rpc/src/transports/ipc.js:137:18
    at decode (/tmp/.mount_krunkeGwXghU/resources/app.asar/node_modules/discord-rpc/src/transports/ipc.js:92:5)
    at Socket.<anonymous> (/tmp/.mount_krunkeGwXghU/resources/app.asar/node_modules/discord-rpc/src/transports/ipc.js:120:7)
    at Socket.emit (events.js:203:13)
    at emitReadable_ (_stream_readable.js:565:12)
[2019-12-21 01:19:40.379] [error] (node:28192) UnhandledPromiseRejectionWarning: Error: connection closed
    at /tmp/.mount_krunkeGwXghU/resources/app.asar/node_modules/discord-rpc/src/client.js:107:20
    at Map.forEach (<anonymous>)
    at IPCTransport.<anonymous> (/tmp/.mount_krunkeGwXghU/resources/app.asar/node_modules/discord-rpc/src/client.js:106:25)
    at Object.onceWrapper (events.js:291:20)
    at IPCTransport.emit (events.js:203:13)
    at /tmp/.mount_krunkeGwXghU/resources/app.asar/node_modules/discord-rpc/src/transports/ipc.js:137:18
    at decode (/tmp/.mount_krunkeGwXghU/resources/app.asar/node_modules/discord-rpc/src/transports/ipc.js:92:5)
    at Socket.<anonymous> (/tmp/.mount_krunkeGwXghU/resources/app.asar/node_modules/discord-rpc/src/transports/ipc.js:120:7)
    at Socket.emit (events.js:203:13)
    at emitReadable_ (_stream_readable.js:565:12)
[2019-12-21 01:19:40.379] [error] (node:28192) UnhandledPromiseRejectionWarning: Unhandled promise rejection. This error originated either by throwing inside of an async function without a catch block, or by rejecting a promise which was not handled with .catch(). (rejection id: 2)
[2019-12-21 01:19:40.380] [error] (node:28192) UnhandledPromiseRejectionWarning: Unhandled promise rejection. This error originated either by throwing inside of an async function without a catch block, or by rejecting a promise which was not handled with .catch(). (rejection id: 2)
[2019-12-21 01:19:49.998] [debug] -------------------- Client Start --------------------
[2019-12-21 01:19:51.500] [info] Checking for update
[2019-12-21 01:19:52.211] [info] Update for version 1.7.8 is not available (latest version: 1.7.8, downgrade is allowed).
[2019-12-21 01:19:54.439] [info] Video gallery initializing
[2019-12-21 01:19:56.801] [info] THREE.WebGLRenderer 105
[2019-12-21 01:19:56.878] [warn] THREE.MeshLambertMaterial: 'smoothShading' is not a property of this material.
[2019-12-21 01:19:56.885] [warn] THREE.MeshLambertMaterial: 'smoothShading' is not a property of this material.
[2019-12-21 01:19:57.136] [info] THREE.WebGLRenderer 105
[2019-12-21 01:19:57.268] [info] THREE.WebGLRenderer 105
[2019-12-21 01:31:43.325] [info] Video gallery initializing
[2019-12-21 01:34:41.122] [info] Video gallery initializing
[2019-12-21 01:34:43.148] [info] THREE.WebGLRenderer 105
[2019-12-21 01:34:43.237] [warn] THREE.MeshLambertMaterial: 'smoothShading' is not a property of this material.
[2019-12-21 01:34:43.245] [warn] THREE.MeshLambertMaterial: 'smoothShading' is not a property of this material.
[2019-12-21 01:34:43.420] [info] THREE.WebGLRenderer 105
[2019-12-21 01:34:43.546] [info] THREE.WebGLRenderer 105
[2019-12-21 01:35:44.327] [info] Video gallery initializing
[2019-12-21 01:35:46.447] [info] THREE.WebGLRenderer 105
[2019-12-21 01:35:46.540] [warn] THREE.MeshLambertMaterial: 'smoothShading' is not a property of this material.
[2019-12-21 01:35:46.547] [warn] THREE.MeshLambertMaterial: 'smoothShading' is not a property of this material.
[2019-12-21 01:35:46.676] [info] THREE.WebGLRenderer 105
[2019-12-21 01:35:46.794] [info] THREE.WebGLRenderer 105
[2019-12-21 01:36:07.667] [info] Video gallery initializing
[2019-12-21 01:36:10.403] [info] THREE.WebGLRenderer 105
[2019-12-21 01:36:10.522] [warn] THREE.MeshLambertMaterial: 'smoothShading' is not a property of this material.
[2019-12-21 01:36:10.530] [warn] THREE.MeshLambertMaterial: 'smoothShading' is not a property of this material.
[2019-12-21 01:36:10.677] [info] THREE.WebGLRenderer 105
[2019-12-21 01:36:10.811] [info] THREE.WebGLRenderer 105
[2019-12-21 01:54:39.372] [error] (node:18837) UnhandledPromiseRejectionWarning: Error: connection closed
    at /tmp/.mount_krunkeBTK5O7/resources/app.asar/node_modules/discord-rpc/src/client.js:107:20
    at Map.forEach (<anonymous>)
    at IPCTransport.<anonymous> (/tmp/.mount_krunkeBTK5O7/resources/app.asar/node_modules/discord-rpc/src/client.js:106:25)
    at Object.onceWrapper (events.js:291:20)
    at IPCTransport.emit (events.js:203:13)
    at /tmp/.mount_krunkeBTK5O7/resources/app.asar/node_modules/discord-rpc/src/transports/ipc.js:137:18
    at decode (/tmp/.mount_krunkeBTK5O7/resources/app.asar/node_modules/discord-rpc/src/transports/ipc.js:92:5)
    at Socket.<anonymous> (/tmp/.mount_krunkeBTK5O7/resources/app.asar/node_modules/discord-rpc/src/transports/ipc.js:120:7)
    at Socket.emit (events.js:203:13)
    at emitReadable_ (_stream_readable.js:565:12)
[2019-12-21 01:54:39.377] [error] (node:18837) UnhandledPromiseRejectionWarning: Error: connection closed
    at /tmp/.mount_krunkeBTK5O7/resources/app.asar/node_modules/discord-rpc/src/client.js:107:20
    at Map.forEach (<anonymous>)
    at IPCTransport.<anonymous> (/tmp/.mount_krunkeBTK5O7/resources/app.asar/node_modules/discord-rpc/src/client.js:106:25)
    at Object.onceWrapper (events.js:291:20)
    at IPCTransport.emit (events.js:203:13)
    at /tmp/.mount_krunkeBTK5O7/resources/app.asar/node_modules/discord-rpc/src/transports/ipc.js:137:18
    at decode (/tmp/.mount_krunkeBTK5O7/resources/app.asar/node_modules/discord-rpc/src/transports/ipc.js:92:5)
    at Socket.<anonymous> (/tmp/.mount_krunkeBTK5O7/resources/app.asar/node_modules/discord-rpc/src/transports/ipc.js:120:7)
    at Socket.emit (events.js:203:13)
    at emitReadable_ (_stream_readable.js:565:12)
[2019-12-21 01:54:39.378] [error] (node:18837) UnhandledPromiseRejectionWarning: Unhandled promise rejection. This error originated either by throwing inside of an async function without a catch block, or by rejecting a promise which was not handled with .catch(). (rejection id: 1)
[2019-12-21 01:54:39.378] [error] (node:18837) UnhandledPromiseRejectionWarning: Unhandled promise rejection. This error originated either by throwing inside of an async function without a catch block, or by rejecting a promise which was not handled with .catch(). (rejection id: 1)
[2019-12-21 01:54:39.379] [error] (node:18837) [DEP0018] DeprecationWarning: Unhandled promise rejections are deprecated. In the future, promise rejections that are not handled will terminate the Node.js process with a non-zero exit code.
[2019-12-21 01:54:39.379] [error] (node:18837) [DEP0018] DeprecationWarning: Unhandled promise rejections are deprecated. In the future, promise rejections that are not handled will terminate the Node.js process with a non-zero exit code.
[2019-12-21 01:54:39.379] [error] (node:18837) UnhandledPromiseRejectionWarning: Error: connection closed
    at /tmp/.mount_krunkeBTK5O7/resources/app.asar/node_modules/discord-rpc/src/client.js:107:20
    at Map.forEach (<anonymous>)
    at IPCTransport.<anonymous> (/tmp/.mount_krunkeBTK5O7/resources/app.asar/node_modules/discord-rpc/src/client.js:106:25)
    at Object.onceWrapper (events.js:291:20)
    at IPCTransport.emit (events.js:203:13)
    at /tmp/.mount_krunkeBTK5O7/resources/app.asar/node_modules/discord-rpc/src/transports/ipc.js:137:18
    at decode (/tmp/.mount_krunkeBTK5O7/resources/app.asar/node_modules/discord-rpc/src/transports/ipc.js:92:5)
    at Socket.<anonymous> (/tmp/.mount_krunkeBTK5O7/resources/app.asar/node_modules/discord-rpc/src/transports/ipc.js:120:7)
    at Socket.emit (events.js:203:13)
    at emitReadable_ (_stream_readable.js:565:12)
[2019-12-21 01:54:39.380] [error] (node:18837) UnhandledPromiseRejectionWarning: Error: connection closed
    at /tmp/.mount_krunkeBTK5O7/resources/app.asar/node_modules/discord-rpc/src/client.js:107:20
    at Map.forEach (<anonymous>)
    at IPCTransport.<anonymous> (/tmp/.mount_krunkeBTK5O7/resources/app.asar/node_modules/discord-rpc/src/client.js:106:25)
    at Object.onceWrapper (events.js:291:20)
    at IPCTransport.emit (events.js:203:13)
    at /tmp/.mount_krunkeBTK5O7/resources/app.asar/node_modules/discord-rpc/src/transports/ipc.js:137:18
    at decode (/tmp/.mount_krunkeBTK5O7/resources/app.asar/node_modules/discord-rpc/src/transports/ipc.js:92:5)
    at Socket.<anonymous> (/tmp/.mount_krunkeBTK5O7/resources/app.asar/node_modules/discord-rpc/src/transports/ipc.js:120:7)
    at Socket.emit (events.js:203:13)
    at emitReadable_ (_stream_readable.js:565:12)
[2019-12-21 01:54:39.380] [error] (node:18837) UnhandledPromiseRejectionWarning: Unhandled promise rejection. This error originated either by throwing inside of an async function without a catch block, or by rejecting a promise which was not handled with .catch(). (rejection id: 2)
[2019-12-21 01:54:39.380] [error] (node:18837) UnhandledPromiseRejectionWarning: Unhandled promise rejection. This error originated either by throwing inside of an async function without a catch block, or by rejecting a promise which was not handled with .catch(). (rejection id: 2)
[2019-12-21 13:11:38.294] [debug] -------------------- Client Start --------------------
[2019-12-21 13:11:39.977] [info] Checking for update
[2019-12-21 13:11:40.721] [info] Update for version 1.7.8 is not available (latest version: 1.7.8, downgrade is allowed).
[2019-12-21 13:11:41.737] [error] Error: ENOENT: no such file or directory, scandir '/home/mitch/KrunkerResourceSwapper'
    at Object.readdirSync (fs.js:795:3)
    at Object.fs.readdirSync (electron/js2c/asar.js:605:39)
    at Object.fs.readdirSync (electron/js2c/asar.js:605:39)
    at allFilesSync (/tmp/.mount_krunkehwCNsX/resources/app.asar/app/main.js:142:6)
    at initGameWindow (/tmp/.mount_krunkehwCNsX/resources/app.asar/app/main.js:160:2)
    at Timeout._onTimeout (/tmp/.mount_krunkehwCNsX/resources/app.asar/app/main.js:457:20)
    at listOnTimeout (internal/timers.js:531:17)
    at processTimers (internal/timers.js:475:7)
[2019-12-21 13:12:58.880] [debug] -------------------- Client Start --------------------
[2019-12-21 13:13:00.170] [info] Checking for update
[2019-12-21 13:13:00.823] [info] Update for version 1.7.8 is not available (latest version: 1.7.8, downgrade is allowed).
[2019-12-21 13:13:07.656] [info] Video gallery initializing
[2019-12-21 13:13:09.112] [info] THREE.WebGLRenderer 105
[2019-12-21 13:13:09.193] [warn] THREE.MeshLambertMaterial: 'smoothShading' is not a property of this material.
[2019-12-21 13:13:09.200] [warn] THREE.MeshLambertMaterial: 'smoothShading' is not a property of this material.
[2019-12-21 13:13:09.427] [info] THREE.WebGLRenderer 105
[2019-12-21 13:13:09.552] [info] THREE.WebGLRenderer 105
[2019-12-21 13:20:25.168] [info] Video gallery initializing
[2019-12-21 13:21:17.374] [info] Video gallery initializing
[2019-12-21 13:22:06.893] [error] (node:6474) UnhandledPromiseRejectionWarning: Error: connection closed
    at /tmp/.mount_krunkevt9rSI/resources/app.asar/node_modules/discord-rpc/src/client.js:107:20
    at Map.forEach (<anonymous>)
    at IPCTransport.<anonymous> (/tmp/.mount_krunkevt9rSI/resources/app.asar/node_modules/discord-rpc/src/client.js:106:25)
    at Object.onceWrapper (events.js:291:20)
    at IPCTransport.emit (events.js:203:13)
    at /tmp/.mount_krunkevt9rSI/resources/app.asar/node_modules/discord-rpc/src/transports/ipc.js:137:18
    at decode (/tmp/.mount_krunkevt9rSI/resources/app.asar/node_modules/discord-rpc/src/transports/ipc.js:92:5)
    at Socket.<anonymous> (/tmp/.mount_krunkevt9rSI/resources/app.asar/node_modules/discord-rpc/src/transports/ipc.js:120:7)
    at Socket.emit (events.js:203:13)
    at emitReadable_ (_stream_readable.js:565:12)
[2019-12-21 13:22:06.893] [error] (node:6474) UnhandledPromiseRejectionWarning: Error: connection closed
    at /tmp/.mount_krunkevt9rSI/resources/app.asar/node_modules/discord-rpc/src/client.js:107:20
    at Map.forEach (<anonymous>)
    at IPCTransport.<anonymous> (/tmp/.mount_krunkevt9rSI/resources/app.asar/node_modules/discord-rpc/src/client.js:106:25)
    at Object.onceWrapper (events.js:291:20)
    at IPCTransport.emit (events.js:203:13)
    at /tmp/.mount_krunkevt9rSI/resources/app.asar/node_modules/discord-rpc/src/transports/ipc.js:137:18
    at decode (/tmp/.mount_krunkevt9rSI/resources/app.asar/node_modules/discord-rpc/src/transports/ipc.js:92:5)
    at Socket.<anonymous> (/tmp/.mount_krunkevt9rSI/resources/app.asar/node_modules/discord-rpc/src/transports/ipc.js:120:7)
    at Socket.emit (events.js:203:13)
    at emitReadable_ (_stream_readable.js:565:12)
[2019-12-21 13:22:06.893] [error] (node:6474) UnhandledPromiseRejectionWarning: Unhandled promise rejection. This error originated either by throwing inside of an async function without a catch block, or by rejecting a promise which was not handled with .catch(). (rejection id: 1)
[2019-12-21 13:22:06.894] [error] (node:6474) UnhandledPromiseRejectionWarning: Unhandled promise rejection. This error originated either by throwing inside of an async function without a catch block, or by rejecting a promise which was not handled with .catch(). (rejection id: 1)
[2019-12-21 13:22:06.894] [error] (node:6474) [DEP0018] DeprecationWarning: Unhandled promise rejections are deprecated. In the future, promise rejections that are not handled will terminate the Node.js process with a non-zero exit code.
[2019-12-21 13:22:06.894] [error] (node:6474) [DEP0018] DeprecationWarning: Unhandled promise rejections are deprecated. In the future, promise rejections that are not handled will terminate the Node.js process with a non-zero exit code.
[2019-12-21 13:22:06.897] [error] (node:6474) UnhandledPromiseRejectionWarning: Error: connection closed
    at /tmp/.mount_krunkevt9rSI/resources/app.asar/node_modules/discord-rpc/src/client.js:107:20
    at Map.forEach (<anonymous>)
    at IPCTransport.<anonymous> (/tmp/.mount_krunkevt9rSI/resources/app.asar/node_modules/discord-rpc/src/client.js:106:25)
    at Object.onceWrapper (events.js:291:20)
    at IPCTransport.emit (events.js:203:13)
    at /tmp/.mount_krunkevt9rSI/resources/app.asar/node_modules/discord-rpc/src/transports/ipc.js:137:18
    at decode (/tmp/.mount_krunkevt9rSI/resources/app.asar/node_modules/discord-rpc/src/transports/ipc.js:92:5)
    at Socket.<anonymous> (/tmp/.mount_krunkevt9rSI/resources/app.asar/node_modules/discord-rpc/src/transports/ipc.js:120:7)
    at Socket.emit (events.js:203:13)
    at emitReadable_ (_stream_readable.js:565:12)
[2019-12-21 13:22:06.897] [error] (node:6474) UnhandledPromiseRejectionWarning: Error: connection closed
    at /tmp/.mount_krunkevt9rSI/resources/app.asar/node_modules/discord-rpc/src/client.js:107:20
    at Map.forEach (<anonymous>)
    at IPCTransport.<anonymous> (/tmp/.mount_krunkevt9rSI/resources/app.asar/node_modules/discord-rpc/src/client.js:106:25)
    at Object.onceWrapper (events.js:291:20)
    at IPCTransport.emit (events.js:203:13)
    at /tmp/.mount_krunkevt9rSI/resources/app.asar/node_modules/discord-rpc/src/transports/ipc.js:137:18
    at decode (/tmp/.mount_krunkevt9rSI/resources/app.asar/node_modules/discord-rpc/src/transports/ipc.js:92:5)
    at Socket.<anonymous> (/tmp/.mount_krunkevt9rSI/resources/app.asar/node_modules/discord-rpc/src/transports/ipc.js:120:7)
    at Socket.emit (events.js:203:13)
    at emitReadable_ (_stream_readable.js:565:12)
[2019-12-21 13:22:06.897] [error] (node:6474) UnhandledPromiseRejectionWarning: Unhandled promise rejection. This error originated either by throwing inside of an async function without a catch block, or by rejecting a promise which was not handled with .catch(). (rejection id: 2)
[2019-12-21 13:22:06.898] [error] (node:6474) UnhandledPromiseRejectionWarning: Unhandled promise rejection. This error originated either by throwing inside of an async function without a catch block, or by rejecting a promise which was not handled with .catch(). (rejection id: 2)
[2019-12-21 16:53:29.702] [debug] -------------------- Client Start --------------------
[2019-12-21 16:53:31.470] [info] Checking for update
[2019-12-21 16:53:32.097] [info] Update for version 1.7.8 is not available (latest version: 1.7.8, downgrade is allowed).
[2019-12-21 16:53:35.360] [info] Video gallery initializing
[2019-12-21 16:53:37.206] [info] THREE.WebGLRenderer 105
[2019-12-21 16:53:37.312] [warn] THREE.MeshLambertMaterial: 'smoothShading' is not a property of this material.
[2019-12-21 16:53:37.328] [warn] THREE.MeshLambertMaterial: 'smoothShading' is not a property of this material.
[2019-12-21 16:53:37.618] [info] THREE.WebGLRenderer 105
[2019-12-21 16:53:37.801] [info] THREE.WebGLRenderer 105
[2019-12-21 16:56:00.512] [info] THREE.WebGLRenderer 105
[2019-12-21 16:56:01.200] [info] THREE.WebGLRenderer 105
[2019-12-21 16:58:26.715] [info] THREE.WebGLRenderer 105
[2019-12-21 16:58:27.110] [info] THREE.WebGLRenderer 105
[2019-12-21 16:58:31.464] [error] (node:27571) UnhandledPromiseRejectionWarning: Error: connection closed
    at /tmp/.mount_krunkeiZOotD/resources/app.asar/node_modules/discord-rpc/src/client.js:107:20
    at Map.forEach (<anonymous>)
    at IPCTransport.<anonymous> (/tmp/.mount_krunkeiZOotD/resources/app.asar/node_modules/discord-rpc/src/client.js:106:25)
    at Object.onceWrapper (events.js:291:20)
    at IPCTransport.emit (events.js:203:13)
    at /tmp/.mount_krunkeiZOotD/resources/app.asar/node_modules/discord-rpc/src/transports/ipc.js:137:18
    at decode (/tmp/.mount_krunkeiZOotD/resources/app.asar/node_modules/discord-rpc/src/transports/ipc.js:92:5)
    at Socket.<anonymous> (/tmp/.mount_krunkeiZOotD/resources/app.asar/node_modules/discord-rpc/src/transports/ipc.js:120:7)
    at Socket.emit (events.js:203:13)
    at emitReadable_ (_stream_readable.js:565:12)
[2019-12-21 16:58:31.466] [error] (node:27571) UnhandledPromiseRejectionWarning: Error: connection closed
    at /tmp/.mount_krunkeiZOotD/resources/app.asar/node_modules/discord-rpc/src/client.js:107:20
    at Map.forEach (<anonymous>)
    at IPCTransport.<anonymous> (/tmp/.mount_krunkeiZOotD/resources/app.asar/node_modules/discord-rpc/src/client.js:106:25)
    at Object.onceWrapper (events.js:291:20)
    at IPCTransport.emit (events.js:203:13)
    at /tmp/.mount_krunkeiZOotD/resources/app.asar/node_modules/discord-rpc/src/transports/ipc.js:137:18
    at decode (/tmp/.mount_krunkeiZOotD/resources/app.asar/node_modules/discord-rpc/src/transports/ipc.js:92:5)
    at Socket.<anonymous> (/tmp/.mount_krunkeiZOotD/resources/app.asar/node_modules/discord-rpc/src/transports/ipc.js:120:7)
    at Socket.emit (events.js:203:13)
    at emitReadable_ (_stream_readable.js:565:12)
[2019-12-21 16:58:31.466] [error] (node:27571) UnhandledPromiseRejectionWarning: Unhandled promise rejection. This error originated either by throwing inside of an async function without a catch block, or by rejecting a promise which was not handled with .catch(). (rejection id: 1)
[2019-12-21 16:58:31.466] [error] (node:27571) UnhandledPromiseRejectionWarning: Unhandled promise rejection. This error originated either by throwing inside of an async function without a catch block, or by rejecting a promise which was not handled with .catch(). (rejection id: 1)
[2019-12-21 16:58:31.472] [error] (node:27571) [DEP0018] DeprecationWarning: Unhandled promise rejections are deprecated. In the future, promise rejections that are not handled will terminate the Node.js process with a non-zero exit code.
[2019-12-21 16:58:31.472] [error] (node:27571) [DEP0018] DeprecationWarning: Unhandled promise rejections are deprecated. In the future, promise rejections that are not handled will terminate the Node.js process with a non-zero exit code.
[2019-12-21 16:58:31.472] [error] (node:27571) UnhandledPromiseRejectionWarning: Error: connection closed
    at /tmp/.mount_krunkeiZOotD/resources/app.asar/node_modules/discord-rpc/src/client.js:107:20
    at Map.forEach (<anonymous>)
    at IPCTransport.<anonymous> (/tmp/.mount_krunkeiZOotD/resources/app.asar/node_modules/discord-rpc/src/client.js:106:25)
    at Object.onceWrapper (events.js:291:20)
    at IPCTransport.emit (events.js:203:13)
    at /tmp/.mount_krunkeiZOotD/resources/app.asar/node_modules/discord-rpc/src/transports/ipc.js:137:18
    at decode (/tmp/.mount_krunkeiZOotD/resources/app.asar/node_modules/discord-rpc/src/transports/ipc.js:92:5)
    at Socket.<anonymous> (/tmp/.mount_krunkeiZOotD/resources/app.asar/node_modules/discord-rpc/src/transports/ipc.js:120:7)
    at Socket.emit (events.js:203:13)
    at emitReadable_ (_stream_readable.js:565:12)
[2019-12-21 16:58:31.476] [error] (node:27571) UnhandledPromiseRejectionWarning: Error: connection closed
    at /tmp/.mount_krunkeiZOotD/resources/app.asar/node_modules/discord-rpc/src/client.js:107:20
    at Map.forEach (<anonymous>)
    at IPCTransport.<anonymous> (/tmp/.mount_krunkeiZOotD/resources/app.asar/node_modules/discord-rpc/src/client.js:106:25)
    at Object.onceWrapper (events.js:291:20)
    at IPCTransport.emit (events.js:203:13)
    at /tmp/.mount_krunkeiZOotD/resources/app.asar/node_modules/discord-rpc/src/transports/ipc.js:137:18
    at decode (/tmp/.mount_krunkeiZOotD/resources/app.asar/node_modules/discord-rpc/src/transports/ipc.js:92:5)
    at Socket.<anonymous> (/tmp/.mount_krunkeiZOotD/resources/app.asar/node_modules/discord-rpc/src/transports/ipc.js:120:7)
    at Socket.emit (events.js:203:13)
    at emitReadable_ (_stream_readable.js:565:12)
[2019-12-21 16:58:31.477] [error] (node:27571) UnhandledPromiseRejectionWarning: Unhandled promise rejection. This error originated either by throwing inside of an async function without a catch block, or by rejecting a promise which was not handled with .catch(). (rejection id: 2)
[2019-12-21 16:58:31.479] [error] (node:27571) UnhandledPromiseRejectionWarning: Unhandled promise rejection. This error originated either by throwing inside of an async function without a catch block, or by rejecting a promise which was not handled with .catch(). (rejection id: 2)
[2019-12-21 16:59:14.510] [debug] -------------------- Client Start --------------------
[2019-12-21 16:59:15.947] [info] Checking for update
[2019-12-21 16:59:16.567] [info] Update for version 1.7.8 is not available (latest version: 1.7.8, downgrade is allowed).
[2019-12-21 16:59:18.836] [info] Video gallery initializing
[2019-12-21 16:59:21.125] [info] THREE.WebGLRenderer 105
[2019-12-21 16:59:21.198] [warn] THREE.MeshLambertMaterial: 'smoothShading' is not a property of this material.
[2019-12-21 16:59:21.205] [warn] THREE.MeshLambertMaterial: 'smoothShading' is not a property of this material.
[2019-12-21 16:59:21.453] [info] THREE.WebGLRenderer 105
[2019-12-21 16:59:21.580] [info] THREE.WebGLRenderer 105
[2019-12-21 17:05:04.586] [info] Video gallery initializing
[2019-12-21 17:05:07.346] [info] THREE.WebGLRenderer 105
[2019-12-21 17:05:07.428] [warn] THREE.MeshLambertMaterial: 'smoothShading' is not a property of this material.
[2019-12-21 17:05:07.441] [warn] THREE.MeshLambertMaterial: 'smoothShading' is not a property of this material.
[2019-12-21 17:05:07.613] [info] THREE.WebGLRenderer 105
[2019-12-21 17:05:07.779] [info] THREE.WebGLRenderer 105
[2019-12-24 19:55:36.975] [debug] -------------------- Client Start --------------------
[2019-12-24 19:55:37.431] [error] Error: Could not connect
    at Socket.onerror (/tmp/.mount_krunkedysK4E/resources/app.asar/node_modules/discord-rpc/src/transports/ipc.js:32:16)
    at Object.onceWrapper (events.js:291:20)
    at Socket.emit (events.js:203:13)
    at emitErrorNT (internal/streams/destroy.js:91:8)
    at emitErrorAndCloseNT (internal/streams/destroy.js:59:3)
    at processTicksAndRejections (internal/process/task_queues.js:77:11)
[2019-12-24 19:55:38.405] [info] Checking for update
[2019-12-24 19:55:39.107] [info] Update for version 1.7.8 is not available (latest version: 1.7.8, downgrade is allowed).
[2019-12-24 19:55:46.606] [info] Video gallery initializing
[2019-12-24 19:55:48.806] [info] THREE.WebGLRenderer 105
[2019-12-24 19:55:48.878] [warn] THREE.MeshLambertMaterial: 'smoothShading' is not a property of this material.
[2019-12-24 19:55:48.885] [warn] THREE.MeshLambertMaterial: 'smoothShading' is not a property of this material.
[2019-12-24 19:55:49.081] [info] THREE.WebGLRenderer 105
[2019-12-24 19:55:49.170] [info] THREE.WebGLRenderer 105
[2019-12-24 19:55:49.283] [error] TypeError: Cannot read property 'write' of null
    at IPCTransport.send (/tmp/.mount_krunkedysK4E/resources/app.asar/node_modules/discord-rpc/src/transports/ipc.js:151:17)
    at IPCTransport.close (/tmp/.mount_krunkedysK4E/resources/app.asar/node_modules/discord-rpc/src/transports/ipc.js:155:10)
    at RPCClient.destroy (/tmp/.mount_krunkedysK4E/resources/app.asar/node_modules/discord-rpc/src/client.js:668:20)
    at App.<anonymous> (/tmp/.mount_krunkedysK4E/resources/app.asar/app/main.js:520:6)
    at Object.onceWrapper (events.js:291:20)
    at App.emit (events.js:203:13)
    at App.<anonymous> (/tmp/.mount_krunkedysK4E/resources/app.asar/app/main.js:524:39)
    at App.emit (events.js:208:15)
[2019-12-24 19:56:02.375] [debug] -------------------- Client Start --------------------
[2019-12-24 19:56:02.859] [error] Error: Could not connect
    at Socket.onerror (/tmp/.mount_krunkehYhjgS/resources/app.asar/node_modules/discord-rpc/src/transports/ipc.js:32:16)
    at Object.onceWrapper (events.js:291:20)
    at Socket.emit (events.js:203:13)
    at emitErrorNT (internal/streams/destroy.js:91:8)
    at emitErrorAndCloseNT (internal/streams/destroy.js:59:3)
    at processTicksAndRejections (internal/process/task_queues.js:77:11)
[2019-12-24 19:56:03.642] [info] Checking for update
[2019-12-24 19:56:04.330] [info] Update for version 1.7.8 is not available (latest version: 1.7.8, downgrade is allowed).
[2019-12-24 19:56:06.340] [info] Video gallery initializing
[2019-12-24 19:56:09.144] [info] THREE.WebGLRenderer 105
[2019-12-24 19:56:09.220] [warn] THREE.MeshLambertMaterial: 'smoothShading' is not a property of this material.
[2019-12-24 19:56:09.227] [warn] THREE.MeshLambertMaterial: 'smoothShading' is not a property of this material.
[2019-12-24 19:56:09.463] [info] THREE.WebGLRenderer 105
[2019-12-24 19:56:09.581] [info] THREE.WebGLRenderer 105
[2019-12-24 20:00:00.308] [error] TypeError: Cannot read property 'write' of null
    at IPCTransport.send (/tmp/.mount_krunkehYhjgS/resources/app.asar/node_modules/discord-rpc/src/transports/ipc.js:151:17)
    at IPCTransport.close (/tmp/.mount_krunkehYhjgS/resources/app.asar/node_modules/discord-rpc/src/transports/ipc.js:155:10)
    at RPCClient.destroy (/tmp/.mount_krunkehYhjgS/resources/app.asar/node_modules/discord-rpc/src/client.js:668:20)
    at App.<anonymous> (/tmp/.mount_krunkehYhjgS/resources/app.asar/app/main.js:520:6)
    at Object.onceWrapper (events.js:291:20)
    at App.emit (events.js:203:13)
    at App.<anonymous> (/tmp/.mount_krunkehYhjgS/resources/app.asar/app/main.js:524:39)
    at App.emit (events.js:208:15)
[2019-12-24 20:01:09.536] [debug] -------------------- Client Start --------------------
[2019-12-24 20:01:10.089] [error] Error: Could not connect
    at Socket.onerror (/tmp/.mount_krunke0ENOmZ/resources/app.asar/node_modules/discord-rpc/src/transports/ipc.js:32:16)
    at Object.onceWrapper (events.js:291:20)
    at Socket.emit (events.js:203:13)
    at emitErrorNT (internal/streams/destroy.js:91:8)
    at emitErrorAndCloseNT (internal/streams/destroy.js:59:3)
    at processTicksAndRejections (internal/process/task_queues.js:77:11)
[2019-12-24 20:01:10.925] [info] Checking for update
[2019-12-24 20:01:11.975] [info] Update for version 1.7.8 is not available (latest version: 1.7.8, downgrade is allowed).
[2019-12-24 20:01:15.091] [info] Video gallery initializing
[2019-12-24 20:01:17.687] [info] THREE.WebGLRenderer 105
[2019-12-24 20:01:17.758] [warn] THREE.MeshLambertMaterial: 'smoothShading' is not a property of this material.
[2019-12-24 20:01:17.770] [warn] THREE.MeshLambertMaterial: 'smoothShading' is not a property of this material.
[2019-12-24 20:01:18.017] [info] THREE.WebGLRenderer 105
[2019-12-24 20:01:18.141] [info] THREE.WebGLRenderer 105
[2019-12-24 20:01:54.609] [error] TypeError: Cannot read property 'write' of null
    at IPCTransport.send (/tmp/.mount_krunke0ENOmZ/resources/app.asar/node_modules/discord-rpc/src/transports/ipc.js:151:17)
    at IPCTransport.close (/tmp/.mount_krunke0ENOmZ/resources/app.asar/node_modules/discord-rpc/src/transports/ipc.js:155:10)
    at RPCClient.destroy (/tmp/.mount_krunke0ENOmZ/resources/app.asar/node_modules/discord-rpc/src/client.js:668:20)
    at App.<anonymous> (/tmp/.mount_krunke0ENOmZ/resources/app.asar/app/main.js:520:6)
    at Object.onceWrapper (events.js:291:20)
    at App.emit (events.js:203:13)
    at App.<anonymous> (/tmp/.mount_krunke0ENOmZ/resources/app.asar/app/main.js:524:39)
    at App.emit (events.js:208:15)
[2019-12-24 20:02:36.238] [debug] -------------------- Client Start --------------------
[2019-12-24 20:02:36.700] [error] Error: Could not connect
    at Socket.onerror (/tmp/.mount_krunke6gCj5K/resources/app.asar/node_modules/discord-rpc/src/transports/ipc.js:32:16)
    at Object.onceWrapper (events.js:291:20)
    at Socket.emit (events.js:203:13)
    at emitErrorNT (internal/streams/destroy.js:91:8)
    at emitErrorAndCloseNT (internal/streams/destroy.js:59:3)
    at processTicksAndRejections (internal/process/task_queues.js:77:11)
[2019-12-24 20:02:37.602] [info] Checking for update
[2019-12-24 20:02:39.199] [info] Update for version 1.7.8 is not available (latest version: 1.7.8, downgrade is allowed).
[2019-12-24 20:02:41.669] [info] Video gallery initializing
[2019-12-24 20:02:44.859] [info] THREE.WebGLRenderer 105
[2019-12-24 20:02:44.945] [warn] THREE.MeshLambertMaterial: 'smoothShading' is not a property of this material.
[2019-12-24 20:02:44.953] [warn] THREE.MeshLambertMaterial: 'smoothShading' is not a property of this material.
[2019-12-24 20:02:45.190] [info] THREE.WebGLRenderer 105
[2019-12-24 20:02:45.330] [info] THREE.WebGLRenderer 105
[2019-12-24 20:21:21.002] [error] TypeError: Cannot read property 'write' of null
    at IPCTransport.send (/tmp/.mount_krunke6gCj5K/resources/app.asar/node_modules/discord-rpc/src/transports/ipc.js:151:17)
    at IPCTransport.close (/tmp/.mount_krunke6gCj5K/resources/app.asar/node_modules/discord-rpc/src/transports/ipc.js:155:10)
    at RPCClient.destroy (/tmp/.mount_krunke6gCj5K/resources/app.asar/node_modules/discord-rpc/src/client.js:668:20)
    at App.<anonymous> (/tmp/.mount_krunke6gCj5K/resources/app.asar/app/main.js:520:6)
    at Object.onceWrapper (events.js:291:20)
    at App.emit (events.js:203:13)
    at App.<anonymous> (/tmp/.mount_krunke6gCj5K/resources/app.asar/app/main.js:524:39)
    at App.emit (events.js:208:15)
[2019-12-24 20:21:48.852] [debug] -------------------- Client Start --------------------
[2019-12-24 20:21:49.376] [error] Error: Could not connect
    at Socket.onerror (/tmp/.mount_krunkeGcvqwf/resources/app.asar/node_modules/discord-rpc/src/transports/ipc.js:32:16)
    at Object.onceWrapper (events.js:291:20)
    at Socket.emit (events.js:203:13)
    at emitErrorNT (internal/streams/destroy.js:91:8)
    at emitErrorAndCloseNT (internal/streams/destroy.js:59:3)
    at processTicksAndRejections (internal/process/task_queues.js:77:11)
[2019-12-24 20:21:50.282] [info] Checking for update
[2019-12-24 20:21:53.031] [info] Update for version 1.7.8 is not available (latest version: 1.7.8, downgrade is allowed).
[2019-12-24 20:21:57.561] [info] Video gallery initializing
[2019-12-24 20:22:00.116] [info] THREE.WebGLRenderer 105
[2019-12-24 20:22:00.196] [warn] THREE.MeshLambertMaterial: 'smoothShading' is not a property of this material.
[2019-12-24 20:22:00.202] [warn] THREE.MeshLambertMaterial: 'smoothShading' is not a property of this material.
[2019-12-24 20:22:00.415] [info] THREE.WebGLRenderer 105
[2019-12-24 20:22:00.537] [info] THREE.WebGLRenderer 105
[2019-12-24 20:25:39.411] [error] TypeError: Cannot read property 'write' of null
    at IPCTransport.send (/tmp/.mount_krunkeGcvqwf/resources/app.asar/node_modules/discord-rpc/src/transports/ipc.js:151:17)
    at IPCTransport.close (/tmp/.mount_krunkeGcvqwf/resources/app.asar/node_modules/discord-rpc/src/transports/ipc.js:155:10)
    at RPCClient.destroy (/tmp/.mount_krunkeGcvqwf/resources/app.asar/node_modules/discord-rpc/src/client.js:668:20)
    at App.<anonymous> (/tmp/.mount_krunkeGcvqwf/resources/app.asar/app/main.js:520:6)
    at Object.onceWrapper (events.js:291:20)
    at App.emit (events.js:203:13)
    at App.<anonymous> (/tmp/.mount_krunkeGcvqwf/resources/app.asar/app/main.js:524:39)
    at App.emit (events.js:208:15)
[2019-12-24 20:52:59.919] [debug] -------------------- Client Start --------------------
[2019-12-24 20:53:00.361] [error] Error: Could not connect
    at Socket.onerror (/tmp/.mount_krunkeFXJDJe/resources/app.asar/node_modules/discord-rpc/src/transports/ipc.js:32:16)
    at Object.onceWrapper (events.js:291:20)
    at Socket.emit (events.js:203:13)
    at emitErrorNT (internal/streams/destroy.js:91:8)
    at emitErrorAndCloseNT (internal/streams/destroy.js:59:3)
    at processTicksAndRejections (internal/process/task_queues.js:77:11)
[2019-12-24 20:53:01.206] [info] Checking for update
[2019-12-24 20:53:01.876] [info] Update for version 1.7.8 is not available (latest version: 1.7.8, downgrade is allowed).
[2019-12-24 20:53:04.696] [info] Video gallery initializing
[2019-12-24 20:53:06.353] [info] THREE.WebGLRenderer 105
[2019-12-24 20:53:06.424] [warn] THREE.MeshLambertMaterial: 'smoothShading' is not a property of this material.
[2019-12-24 20:53:06.430] [warn] THREE.MeshLambertMaterial: 'smoothShading' is not a property of this material.
[2019-12-24 20:53:06.631] [info] THREE.WebGLRenderer 105
[2019-12-24 20:53:06.794] [info] THREE.WebGLRenderer 105
[2019-12-24 21:00:07.108] [error] TypeError: Cannot read property 'write' of null
    at IPCTransport.send (/tmp/.mount_krunkeFXJDJe/resources/app.asar/node_modules/discord-rpc/src/transports/ipc.js:151:17)
    at IPCTransport.close (/tmp/.mount_krunkeFXJDJe/resources/app.asar/node_modules/discord-rpc/src/transports/ipc.js:155:10)
    at RPCClient.destroy (/tmp/.mount_krunkeFXJDJe/resources/app.asar/node_modules/discord-rpc/src/client.js:668:20)
    at App.<anonymous> (/tmp/.mount_krunkeFXJDJe/resources/app.asar/app/main.js:520:6)
    at Object.onceWrapper (events.js:291:20)
    at App.emit (events.js:203:13)
    at App.<anonymous> (/tmp/.mount_krunkeFXJDJe/resources/app.asar/app/main.js:524:39)
    at App.emit (events.js:208:15)
[2019-12-24 21:00:10.058] [debug] -------------------- Client Start --------------------
[2019-12-24 21:00:10.481] [error] Error: Could not connect
    at Socket.onerror (/tmp/.mount_krunke2Pdq1v/resources/app.asar/node_modules/discord-rpc/src/transports/ipc.js:32:16)
    at Object.onceWrapper (events.js:291:20)
    at Socket.emit (events.js:203:13)
    at emitErrorNT (internal/streams/destroy.js:91:8)
    at emitErrorAndCloseNT (internal/streams/destroy.js:59:3)
    at processTicksAndRejections (internal/process/task_queues.js:77:11)
[2019-12-24 21:00:11.326] [info] Checking for update
[2019-12-24 21:00:11.997] [info] Update for version 1.7.8 is not available (latest version: 1.7.8, downgrade is allowed).
[2019-12-24 21:00:14.041] [info] Video gallery initializing
[2019-12-24 21:00:16.319] [info] THREE.WebGLRenderer 105
[2019-12-24 21:00:16.405] [warn] THREE.MeshLambertMaterial: 'smoothShading' is not a property of this material.
[2019-12-24 21:00:16.415] [warn] THREE.MeshLambertMaterial: 'smoothShading' is not a property of this material.
[2019-12-24 21:00:16.617] [info] THREE.WebGLRenderer 105
[2019-12-24 21:00:16.746] [info] THREE.WebGLRenderer 105
[2019-12-24 21:53:21.769] [info] Video gallery initializing
[2019-12-24 22:05:04.734] [error] TypeError: Cannot read property 'write' of null
    at IPCTransport.send (/tmp/.mount_krunke2Pdq1v/resources/app.asar/node_modules/discord-rpc/src/transports/ipc.js:151:17)
    at IPCTransport.close (/tmp/.mount_krunke2Pdq1v/resources/app.asar/node_modules/discord-rpc/src/transports/ipc.js:155:10)
    at RPCClient.destroy (/tmp/.mount_krunke2Pdq1v/resources/app.asar/node_modules/discord-rpc/src/client.js:668:20)
    at App.<anonymous> (/tmp/.mount_krunke2Pdq1v/resources/app.asar/app/main.js:520:6)
    at Object.onceWrapper (events.js:291:20)
    at App.emit (events.js:203:13)
    at App.<anonymous> (/tmp/.mount_krunke2Pdq1v/resources/app.asar/app/main.js:524:39)
    at App.emit (events.js:208:15)
[2019-12-24 22:39:38.941] [debug] -------------------- Client Start --------------------
[2019-12-24 22:39:39.429] [error] Error: Could not connect
    at Socket.onerror (/tmp/.mount_krunkeqFDqxh/resources/app.asar/node_modules/discord-rpc/src/transports/ipc.js:32:16)
    at Object.onceWrapper (events.js:291:20)
    at Socket.emit (events.js:203:13)
    at emitErrorNT (internal/streams/destroy.js:91:8)
    at emitErrorAndCloseNT (internal/streams/destroy.js:59:3)
    at processTicksAndRejections (internal/process/task_queues.js:77:11)
[2019-12-24 22:39:40.439] [info] Checking for update
[2019-12-24 22:39:41.258] [info] Update for version 1.7.8 is not available (latest version: 1.7.8, downgrade is allowed).
[2019-12-24 22:39:45.250] [info] Video gallery initializing
[2019-12-24 22:39:47.034] [info] THREE.WebGLRenderer 105
[2019-12-24 22:39:47.129] [warn] THREE.MeshLambertMaterial: 'smoothShading' is not a property of this material.
[2019-12-24 22:39:47.138] [warn] THREE.MeshLambertMaterial: 'smoothShading' is not a property of this material.
[2019-12-24 22:39:47.385] [info] THREE.WebGLRenderer 105
[2019-12-24 22:39:47.515] [info] THREE.WebGLRenderer 105
[2019-12-24 22:52:09.528] [error] TypeError: Cannot read property 'write' of null
    at IPCTransport.send (/tmp/.mount_krunkeqFDqxh/resources/app.asar/node_modules/discord-rpc/src/transports/ipc.js:151:17)
    at IPCTransport.close (/tmp/.mount_krunkeqFDqxh/resources/app.asar/node_modules/discord-rpc/src/transports/ipc.js:155:10)
    at RPCClient.destroy (/tmp/.mount_krunkeqFDqxh/resources/app.asar/node_modules/discord-rpc/src/client.js:668:20)
    at App.<anonymous> (/tmp/.mount_krunkeqFDqxh/resources/app.asar/app/main.js:520:6)
    at Object.onceWrapper (events.js:291:20)
    at App.emit (events.js:203:13)
    at App.<anonymous> (/tmp/.mount_krunkeqFDqxh/resources/app.asar/app/main.js:524:39)
    at App.emit (events.js:208:15)
[2019-12-24 22:52:12.396] [debug] -------------------- Client Start --------------------
[2019-12-24 22:52:12.887] [error] Error: Could not connect
    at Socket.onerror (/tmp/.mount_krunkegylIF7/resources/app.asar/node_modules/discord-rpc/src/transports/ipc.js:32:16)
    at Object.onceWrapper (events.js:291:20)
    at Socket.emit (events.js:203:13)
    at emitErrorNT (internal/streams/destroy.js:91:8)
    at emitErrorAndCloseNT (internal/streams/destroy.js:59:3)
    at processTicksAndRejections (internal/process/task_queues.js:77:11)
[2019-12-24 22:52:13.722] [info] Checking for update
[2019-12-24 22:52:14.399] [info] Update for version 1.7.8 is not available (latest version: 1.7.8, downgrade is allowed).
[2019-12-24 22:52:16.652] [info] Video gallery initializing
[2019-12-24 22:52:18.685] [info] THREE.WebGLRenderer 105
[2019-12-24 22:52:18.756] [warn] THREE.MeshLambertMaterial: 'smoothShading' is not a property of this material.
[2019-12-24 22:52:18.762] [warn] THREE.MeshLambertMaterial: 'smoothShading' is not a property of this material.
[2019-12-24 22:52:18.961] [info] THREE.WebGLRenderer 105
[2019-12-24 22:52:19.076] [info] THREE.WebGLRenderer 105
[2019-12-24 23:05:59.186] [error] TypeError: Cannot read property 'write' of null
    at IPCTransport.send (/tmp/.mount_krunkegylIF7/resources/app.asar/node_modules/discord-rpc/src/transports/ipc.js:151:17)
    at IPCTransport.close (/tmp/.mount_krunkegylIF7/resources/app.asar/node_modules/discord-rpc/src/transports/ipc.js:155:10)
    at RPCClient.destroy (/tmp/.mount_krunkegylIF7/resources/app.asar/node_modules/discord-rpc/src/client.js:668:20)
    at App.<anonymous> (/tmp/.mount_krunkegylIF7/resources/app.asar/app/main.js:520:6)
    at Object.onceWrapper (events.js:291:20)
    at App.emit (events.js:203:13)
    at electron/js2c/browser_init.js:6552:63
    at EventEmitter.<anonymous> (electron/js2c/browser_init.js:6405:21)
    at EventEmitter.emit (events.js:203:13)
    at WebContents.<anonymous> (electron/js2c/browser_init.js:3789:23)
[2019-12-24 23:06:05.356] [debug] -------------------- Client Start --------------------
[2019-12-24 23:06:05.885] [error] Error: Could not connect
    at Socket.onerror (/tmp/.mount_krunkeaSZlHc/resources/app.asar/node_modules/discord-rpc/src/transports/ipc.js:32:16)
    at Object.onceWrapper (events.js:291:20)
    at Socket.emit (events.js:203:13)
    at emitErrorNT (internal/streams/destroy.js:91:8)
    at emitErrorAndCloseNT (internal/streams/destroy.js:59:3)
    at processTicksAndRejections (internal/process/task_queues.js:77:11)
[2019-12-24 23:06:06.839] [info] Checking for update
[2019-12-24 23:06:07.498] [info] Update for version 1.7.8 is not available (latest version: 1.7.8, downgrade is allowed).
[2019-12-24 23:06:09.702] [info] Video gallery initializing
[2019-12-24 23:06:12.400] [info] THREE.WebGLRenderer 105
[2019-12-24 23:06:12.486] [warn] THREE.MeshLambertMaterial: 'smoothShading' is not a property of this material.
[2019-12-24 23:06:12.497] [warn] THREE.MeshLambertMaterial: 'smoothShading' is not a property of this material.
[2019-12-24 23:06:12.728] [info] THREE.WebGLRenderer 105
[2019-12-24 23:06:12.901] [info] THREE.WebGLRenderer 105
[2019-12-24 23:15:19.997] [error] TypeError: Cannot read property 'write' of null
    at IPCTransport.send (/tmp/.mount_krunkeaSZlHc/resources/app.asar/node_modules/discord-rpc/src/transports/ipc.js:151:17)
    at IPCTransport.close (/tmp/.mount_krunkeaSZlHc/resources/app.asar/node_modules/discord-rpc/src/transports/ipc.js:155:10)
    at RPCClient.destroy (/tmp/.mount_krunkeaSZlHc/resources/app.asar/node_modules/discord-rpc/src/client.js:668:20)
    at App.<anonymous> (/tmp/.mount_krunkeaSZlHc/resources/app.asar/app/main.js:520:6)
    at Object.onceWrapper (events.js:291:20)
    at App.emit (events.js:203:13)
    at App.<anonymous> (/tmp/.mount_krunkeaSZlHc/resources/app.asar/app/main.js:524:39)
    at App.emit (events.js:208:15)
[2019-12-24 23:15:22.957] [debug] -------------------- Client Start --------------------
[2019-12-24 23:15:23.461] [error] Error: Could not connect
    at Socket.onerror (/tmp/.mount_krunketEGJ4P/resources/app.asar/node_modules/discord-rpc/src/transports/ipc.js:32:16)
    at Object.onceWrapper (events.js:291:20)
    at Socket.emit (events.js:203:13)
    at emitErrorNT (internal/streams/destroy.js:91:8)
    at emitErrorAndCloseNT (internal/streams/destroy.js:59:3)
    at processTicksAndRejections (internal/process/task_queues.js:77:11)
[2019-12-24 23:15:24.307] [info] Checking for update
[2019-12-24 23:15:25.021] [info] Update for version 1.7.8 is not available (latest version: 1.7.8, downgrade is allowed).
[2019-12-24 23:15:27.970] [info] Video gallery initializing
[2019-12-24 23:15:29.528] [info] THREE.WebGLRenderer 105
[2019-12-24 23:15:29.599] [warn] THREE.MeshLambertMaterial: 'smoothShading' is not a property of this material.
[2019-12-24 23:15:29.606] [warn] THREE.MeshLambertMaterial: 'smoothShading' is not a property of this material.
[2019-12-24 23:15:29.805] [info] THREE.WebGLRenderer 105
[2019-12-24 23:15:29.943] [info] THREE.WebGLRenderer 105
[2019-12-24 23:16:42.294] [error] TypeError: Cannot read property 'write' of null
    at IPCTransport.send (/tmp/.mount_krunketEGJ4P/resources/app.asar/node_modules/discord-rpc/src/transports/ipc.js:151:17)
    at IPCTransport.close (/tmp/.mount_krunketEGJ4P/resources/app.asar/node_modules/discord-rpc/src/transports/ipc.js:155:10)
    at RPCClient.destroy (/tmp/.mount_krunketEGJ4P/resources/app.asar/node_modules/discord-rpc/src/client.js:668:20)
    at App.<anonymous> (/tmp/.mount_krunketEGJ4P/resources/app.asar/app/main.js:520:6)
    at Object.onceWrapper (events.js:291:20)
    at App.emit (events.js:203:13)
    at electron/js2c/browser_init.js:6552:63
    at EventEmitter.<anonymous> (electron/js2c/browser_init.js:6405:21)
    at EventEmitter.emit (events.js:203:13)
    at WebContents.<anonymous> (electron/js2c/browser_init.js:3789:23)
[2019-12-24 23:16:45.625] [debug] -------------------- Client Start --------------------
[2019-12-24 23:16:46.055] [error] Error: Could not connect
    at Socket.onerror (/tmp/.mount_krunkebM9CMv/resources/app.asar/node_modules/discord-rpc/src/transports/ipc.js:32:16)
    at Object.onceWrapper (events.js:291:20)
    at Socket.emit (events.js:203:13)
    at emitErrorNT (internal/streams/destroy.js:91:8)
    at emitErrorAndCloseNT (internal/streams/destroy.js:59:3)
    at processTicksAndRejections (internal/process/task_queues.js:77:11)
[2019-12-24 23:16:46.952] [info] Checking for update
[2019-12-24 23:16:47.494] [info] Update for version 1.7.8 is not available (latest version: 1.7.8, downgrade is allowed).
[2019-12-24 23:16:49.499] [info] Video gallery initializing
[2019-12-24 23:16:51.910] [info] THREE.WebGLRenderer 105
[2019-12-24 23:16:51.984] [warn] THREE.MeshLambertMaterial: 'smoothShading' is not a property of this material.
[2019-12-24 23:16:51.991] [warn] THREE.MeshLambertMaterial: 'smoothShading' is not a property of this material.
[2019-12-24 23:16:52.206] [info] THREE.WebGLRenderer 105
[2019-12-24 23:16:52.335] [info] THREE.WebGLRenderer 105
[2019-12-24 23:17:17.643] [info] Video gallery initializing
[2019-12-24 23:17:19.690] [info] THREE.WebGLRenderer 105
[2019-12-24 23:17:19.754] [warn] THREE.MeshLambertMaterial: 'smoothShading' is not a property of this material.
[2019-12-24 23:17:19.761] [warn] THREE.MeshLambertMaterial: 'smoothShading' is not a property of this material.
[2019-12-24 23:17:19.887] [info] THREE.WebGLRenderer 105
[2019-12-24 23:17:20.003] [info] THREE.WebGLRenderer 105
[2019-12-24 23:17:57.219] [info] Video gallery initializing
[2019-12-24 23:17:59.403] [info] THREE.WebGLRenderer 105
[2019-12-24 23:17:59.468] [warn] THREE.MeshLambertMaterial: 'smoothShading' is not a property of this material.
[2019-12-24 23:17:59.475] [warn] THREE.MeshLambertMaterial: 'smoothShading' is not a property of this material.
[2019-12-24 23:17:59.638] [info] THREE.WebGLRenderer 105
[2019-12-24 23:17:59.804] [info] THREE.WebGLRenderer 105
[2019-12-24 23:18:42.686] [error] TypeError: Cannot read property 'write' of null
    at IPCTransport.send (/tmp/.mount_krunkebM9CMv/resources/app.asar/node_modules/discord-rpc/src/transports/ipc.js:151:17)
    at IPCTransport.close (/tmp/.mount_krunkebM9CMv/resources/app.asar/node_modules/discord-rpc/src/transports/ipc.js:155:10)
    at RPCClient.destroy (/tmp/.mount_krunkebM9CMv/resources/app.asar/node_modules/discord-rpc/src/client.js:668:20)
    at App.<anonymous> (/tmp/.mount_krunkebM9CMv/resources/app.asar/app/main.js:520:6)
    at Object.onceWrapper (events.js:291:20)
    at App.emit (events.js:203:13)
    at App.<anonymous> (/tmp/.mount_krunkebM9CMv/resources/app.asar/app/main.js:524:39)
    at App.emit (events.js:208:15)
[2019-12-25 02:05:16.406] [debug] -------------------- Client Start --------------------
[2019-12-25 02:05:16.893] [error] Error: Could not connect
    at Socket.onerror (/tmp/.mount_krunkeQuDxT3/resources/app.asar/node_modules/discord-rpc/src/transports/ipc.js:32:16)
    at Object.onceWrapper (events.js:291:20)
    at Socket.emit (events.js:203:13)
    at emitErrorNT (internal/streams/destroy.js:91:8)
    at emitErrorAndCloseNT (internal/streams/destroy.js:59:3)
    at processTicksAndRejections (internal/process/task_queues.js:77:11)
[2019-12-25 02:05:17.656] [info] Checking for update
[2019-12-25 02:05:18.267] [info] Update for version 1.7.8 is not available (latest version: 1.7.8, downgrade is allowed).
[2019-12-25 02:05:22.774] [info] THREE.WebGLRenderer 105
[2019-12-25 02:05:22.855] [warn] THREE.MeshLambertMaterial: 'smoothShading' is not a property of this material.
[2019-12-25 02:05:22.861] [warn] THREE.MeshLambertMaterial: 'smoothShading' is not a property of this material.
[2019-12-25 02:05:23.066] [info] THREE.WebGLRenderer 105
[2019-12-25 02:05:23.204] [info] THREE.WebGLRenderer 105
[2019-12-25 02:05:23.290] [info] Video gallery initializing
[2019-12-25 02:11:16.364] [info] Video gallery initializing
[2019-12-25 02:11:18.353] [info] THREE.WebGLRenderer 105
[2019-12-25 02:11:18.425] [warn] THREE.MeshLambertMaterial: 'smoothShading' is not a property of this material.
[2019-12-25 02:11:18.432] [warn] THREE.MeshLambertMaterial: 'smoothShading' is not a property of this material.
[2019-12-25 02:11:18.558] [info] THREE.WebGLRenderer 105
[2019-12-25 02:11:18.672] [info] THREE.WebGLRenderer 105
[2019-12-25 02:30:04.812] [info] Video gallery initializing
[2019-12-25 02:30:06.850] [info] THREE.WebGLRenderer 105
[2019-12-25 02:30:06.927] [warn] THREE.MeshLambertMaterial: 'smoothShading' is not a property of this material.
[2019-12-25 02:30:06.934] [warn] THREE.MeshLambertMaterial: 'smoothShading' is not a property of this material.
[2019-12-25 02:30:07.063] [info] THREE.WebGLRenderer 105
[2019-12-25 02:30:07.178] [info] THREE.WebGLRenderer 105
[2019-12-25 02:30:24.810] [info] Video gallery initializing
[2019-12-25 02:30:26.804] [info] THREE.WebGLRenderer 105
[2019-12-25 02:30:26.882] [warn] THREE.MeshLambertMaterial: 'smoothShading' is not a property of this material.
[2019-12-25 02:30:26.890] [warn] THREE.MeshLambertMaterial: 'smoothShading' is not a property of this material.
[2019-12-25 02:30:27.034] [info] THREE.WebGLRenderer 105
[2019-12-25 02:30:27.148] [info] THREE.WebGLRenderer 105
[2019-12-25 02:34:12.554] [info] Video gallery initializing
[2019-12-25 02:34:14.641] [info] THREE.WebGLRenderer 105
[2019-12-25 02:34:14.702] [warn] THREE.MeshLambertMaterial: 'smoothShading' is not a property of this material.
[2019-12-25 02:34:14.709] [warn] THREE.MeshLambertMaterial: 'smoothShading' is not a property of this material.
[2019-12-25 02:34:14.834] [info] THREE.WebGLRenderer 105
[2019-12-25 02:34:14.948] [info] THREE.WebGLRenderer 105
[2019-12-25 02:34:36.165] [info] Video gallery initializing
[2019-12-25 02:34:38.261] [info] THREE.WebGLRenderer 105
[2019-12-25 02:34:38.322] [warn] THREE.MeshLambertMaterial: 'smoothShading' is not a property of this material.
[2019-12-25 02:34:38.328] [warn] THREE.MeshLambertMaterial: 'smoothShading' is not a property of this material.
[2019-12-25 02:34:38.454] [info] THREE.WebGLRenderer 105
[2019-12-25 02:34:38.566] [info] THREE.WebGLRenderer 105
[2019-12-25 02:36:44.067] [error] TypeError: Cannot read property 'write' of null
    at IPCTransport.send (/tmp/.mount_krunkeQuDxT3/resources/app.asar/node_modules/discord-rpc/src/transports/ipc.js:151:17)
    at IPCTransport.close (/tmp/.mount_krunkeQuDxT3/resources/app.asar/node_modules/discord-rpc/src/transports/ipc.js:155:10)
    at RPCClient.destroy (/tmp/.mount_krunkeQuDxT3/resources/app.asar/node_modules/discord-rpc/src/client.js:668:20)
    at App.<anonymous> (/tmp/.mount_krunkeQuDxT3/resources/app.asar/app/main.js:520:6)
    at Object.onceWrapper (events.js:291:20)
    at App.emit (events.js:203:13)
    at App.<anonymous> (/tmp/.mount_krunkeQuDxT3/resources/app.asar/app/main.js:524:39)
    at App.emit (events.js:208:15)
[2019-12-25 02:38:37.812] [debug] -------------------- Client Start --------------------
[2019-12-25 02:38:38.253] [error] Error: Could not connect
    at Socket.onerror (/tmp/.mount_krunke3P6DTm/resources/app.asar/node_modules/discord-rpc/src/transports/ipc.js:32:16)
    at Object.onceWrapper (events.js:291:20)
    at Socket.emit (events.js:203:13)
    at emitErrorNT (internal/streams/destroy.js:91:8)
    at emitErrorAndCloseNT (internal/streams/destroy.js:59:3)
    at processTicksAndRejections (internal/process/task_queues.js:77:11)
[2019-12-25 02:38:39.128] [info] Checking for update
[2019-12-25 02:38:39.872] [info] Update for version 1.7.8 is not available (latest version: 1.7.8, downgrade is allowed).
[2019-12-25 02:38:42.831] [info] Video gallery initializing
[2019-12-25 02:38:44.309] [info] THREE.WebGLRenderer 105
[2019-12-25 02:38:44.382] [warn] THREE.MeshLambertMaterial: 'smoothShading' is not a property of this material.
[2019-12-25 02:38:44.389] [warn] THREE.MeshLambertMaterial: 'smoothShading' is not a property of this material.
[2019-12-25 02:38:44.592] [info] THREE.WebGLRenderer 105
[2019-12-25 02:38:44.713] [info] THREE.WebGLRenderer 105
[2019-12-25 02:43:17.969] [info] Video gallery initializing
[2019-12-25 02:46:37.775] [info] Video gallery initializing
[2019-12-25 02:46:39.841] [info] THREE.WebGLRenderer 105
[2019-12-25 02:46:39.906] [warn] THREE.MeshLambertMaterial: 'smoothShading' is not a property of this material.
[2019-12-25 02:46:39.912] [warn] THREE.MeshLambertMaterial: 'smoothShading' is not a property of this material.
[2019-12-25 02:46:40.037] [info] THREE.WebGLRenderer 105
[2019-12-25 02:46:40.152] [info] THREE.WebGLRenderer 105
[2019-12-25 02:48:45.841] [error] TypeError: Cannot read property 'write' of null
    at IPCTransport.send (/tmp/.mount_krunke3P6DTm/resources/app.asar/node_modules/discord-rpc/src/transports/ipc.js:151:17)
    at IPCTransport.close (/tmp/.mount_krunke3P6DTm/resources/app.asar/node_modules/discord-rpc/src/transports/ipc.js:155:10)
    at RPCClient.destroy (/tmp/.mount_krunke3P6DTm/resources/app.asar/node_modules/discord-rpc/src/client.js:668:20)
    at App.<anonymous> (/tmp/.mount_krunke3P6DTm/resources/app.asar/app/main.js:520:6)
    at Object.onceWrapper (events.js:291:20)
    at App.emit (events.js:203:13)
    at App.<anonymous> (/tmp/.mount_krunke3P6DTm/resources/app.asar/app/main.js:524:39)
    at App.emit (events.js:208:15)
[2019-12-25 20:52:18.971] [debug] -------------------- Client Start --------------------
[2019-12-25 20:52:19.516] [error] Error: Could not connect
    at Socket.onerror (/tmp/.mount_krunkevRZHAP/resources/app.asar/node_modules/discord-rpc/src/transports/ipc.js:32:16)
    at Object.onceWrapper (events.js:291:20)
    at Socket.emit (events.js:203:13)
    at emitErrorNT (internal/streams/destroy.js:91:8)
    at emitErrorAndCloseNT (internal/streams/destroy.js:59:3)
    at processTicksAndRejections (internal/process/task_queues.js:77:11)
[2019-12-25 20:52:20.444] [info] Checking for update
[2019-12-25 20:52:22.168] [info] Update for version 1.7.8 is not available (latest version: 1.7.8, downgrade is allowed).
[2019-12-25 20:52:32.017] [info] THREE.WebGLRenderer 105
[2019-12-25 20:52:32.110] [warn] THREE.MeshLambertMaterial: 'smoothShading' is not a property of this material.
[2019-12-25 20:52:32.120] [warn] THREE.MeshLambertMaterial: 'smoothShading' is not a property of this material.
[2019-12-25 20:52:32.375] [info] THREE.WebGLRenderer 105
[2019-12-25 20:52:32.500] [info] THREE.WebGLRenderer 105
[2019-12-25 20:52:34.558] [info] Video gallery initializing
[2019-12-25 20:55:21.809] [error] TypeError: Cannot read property 'write' of null
    at IPCTransport.send (/tmp/.mount_krunkevRZHAP/resources/app.asar/node_modules/discord-rpc/src/transports/ipc.js:151:17)
    at IPCTransport.close (/tmp/.mount_krunkevRZHAP/resources/app.asar/node_modules/discord-rpc/src/transports/ipc.js:155:10)
    at RPCClient.destroy (/tmp/.mount_krunkevRZHAP/resources/app.asar/node_modules/discord-rpc/src/client.js:668:20)
    at App.<anonymous> (/tmp/.mount_krunkevRZHAP/resources/app.asar/app/main.js:520:6)
    at Object.onceWrapper (events.js:291:20)
    at App.emit (events.js:203:13)
    at App.<anonymous> (/tmp/.mount_krunkevRZHAP/resources/app.asar/app/main.js:524:39)
    at App.emit (events.js:208:15)
[2019-12-25 20:55:52.798] [debug] -------------------- Client Start --------------------
[2019-12-25 20:55:53.225] [error] Error: Could not connect
    at Socket.onerror (/tmp/.mount_krunkeIuDfbj/resources/app.asar/node_modules/discord-rpc/src/transports/ipc.js:32:16)
    at Object.onceWrapper (events.js:291:20)
    at Socket.emit (events.js:203:13)
    at emitErrorNT (internal/streams/destroy.js:91:8)
    at emitErrorAndCloseNT (internal/streams/destroy.js:59:3)
    at processTicksAndRejections (internal/process/task_queues.js:77:11)
[2019-12-25 20:55:54.152] [info] Checking for update
[2019-12-25 20:55:54.954] [info] Update for version 1.7.8 is not available (latest version: 1.7.8, downgrade is allowed).
[2019-12-25 20:56:02.060] [info] Video gallery initializing
[2019-12-25 20:56:04.518] [info] THREE.WebGLRenderer 105
[2019-12-25 20:56:04.595] [warn] THREE.MeshLambertMaterial: 'smoothShading' is not a property of this material.
[2019-12-25 20:56:04.602] [warn] THREE.MeshLambertMaterial: 'smoothShading' is not a property of this material.
[2019-12-25 20:56:04.891] [info] THREE.WebGLRenderer 105
[2019-12-25 20:56:05.080] [info] THREE.WebGLRenderer 105
[2019-12-25 20:57:14.833] [info] Video gallery initializing
[2019-12-25 20:57:16.725] [info] THREE.WebGLRenderer 105
[2019-12-25 20:57:16.789] [warn] THREE.MeshLambertMaterial: 'smoothShading' is not a property of this material.
[2019-12-25 20:57:16.800] [warn] THREE.MeshLambertMaterial: 'smoothShading' is not a property of this material.
[2019-12-25 20:57:16.926] [info] THREE.WebGLRenderer 105
[2019-12-25 20:57:17.055] [info] THREE.WebGLRenderer 105
[2019-12-25 21:01:34.820] [error] TypeError: Cannot read property 'write' of null
    at IPCTransport.send (/tmp/.mount_krunkeIuDfbj/resources/app.asar/node_modules/discord-rpc/src/transports/ipc.js:151:17)
    at IPCTransport.close (/tmp/.mount_krunkeIuDfbj/resources/app.asar/node_modules/discord-rpc/src/transports/ipc.js:155:10)
    at RPCClient.destroy (/tmp/.mount_krunkeIuDfbj/resources/app.asar/node_modules/discord-rpc/src/client.js:668:20)
    at App.<anonymous> (/tmp/.mount_krunkeIuDfbj/resources/app.asar/app/main.js:520:6)
    at Object.onceWrapper (events.js:291:20)
    at App.emit (events.js:203:13)
    at App.<anonymous> (/tmp/.mount_krunkeIuDfbj/resources/app.asar/app/main.js:524:39)
    at App.emit (events.js:208:15)
[2019-12-26 20:08:10.821] [debug] -------------------- Client Start --------------------
[2019-12-26 20:08:11.348] [error] Error: Could not connect
    at Socket.onerror (/tmp/.mount_krunkewXH51d/resources/app.asar/node_modules/discord-rpc/src/transports/ipc.js:32:16)
    at Object.onceWrapper (events.js:291:20)
    at Socket.emit (events.js:203:13)
    at emitErrorNT (internal/streams/destroy.js:91:8)
    at emitErrorAndCloseNT (internal/streams/destroy.js:59:3)
    at processTicksAndRejections (internal/process/task_queues.js:77:11)
[2019-12-26 20:08:12.215] [info] Checking for update
[2019-12-26 20:08:12.976] [info] Update for version 1.7.8 is not available (latest version: 1.7.8, downgrade is allowed).
[2019-12-26 20:08:17.471] [info] THREE.WebGLRenderer 105
[2019-12-26 20:08:17.561] [warn] THREE.MeshLambertMaterial: 'smoothShading' is not a property of this material.
[2019-12-26 20:08:17.572] [warn] THREE.MeshLambertMaterial: 'smoothShading' is not a property of this material.
[2019-12-26 20:08:17.788] [info] THREE.WebGLRenderer 105
[2019-12-26 20:08:17.955] [info] THREE.WebGLRenderer 105
[2019-12-26 20:08:18.438] [info] Video gallery initializing
[2019-12-26 20:12:16.214] [error] TypeError: Cannot read property 'write' of null
    at IPCTransport.send (/tmp/.mount_krunkewXH51d/resources/app.asar/node_modules/discord-rpc/src/transports/ipc.js:151:17)
    at IPCTransport.close (/tmp/.mount_krunkewXH51d/resources/app.asar/node_modules/discord-rpc/src/transports/ipc.js:155:10)
    at RPCClient.destroy (/tmp/.mount_krunkewXH51d/resources/app.asar/node_modules/discord-rpc/src/client.js:668:20)
    at App.<anonymous> (/tmp/.mount_krunkewXH51d/resources/app.asar/app/main.js:520:6)
    at Object.onceWrapper (events.js:291:20)
    at App.emit (events.js:203:13)
    at App.<anonymous> (/tmp/.mount_krunkewXH51d/resources/app.asar/app/main.js:524:39)
    at App.emit (events.js:208:15)
